[2025-04-08 18:40:41,312] INFO [QuorumController id=1] Creating new QuorumController with clusterId yS783bJ-SMmdGG8QTGUWMQ. (org.apache.kafka.controller.QuorumController)
[2025-04-08 18:40:41,314] INFO [QuorumController id=1] Becoming the active controller at epoch 1, next write offset 1. (org.apache.kafka.controller.QuorumController)
[2025-04-08 18:40:41,317] WARN [QuorumController id=1] Performing controller activation. The metadata log appears to be empty. Appending 1 bootstrap record(s) in metadata transaction at metadata.version 3.9-IV0 from bootstrap source 'the binary bootstrap metadata file: \tmp\kraft-combined-logs\bootstrap.checkpoint'. Setting the ZK migration state to NONE since this is a de-novo KRaft cluster. (org.apache.kafka.controller.QuorumController)
[2025-04-08 18:40:41,320] INFO [QuorumController id=1] Replayed BeginTransactionRecord(name='Bootstrap records') at offset 1. (org.apache.kafka.controller.OffsetControlManager)
[2025-04-08 18:40:41,320] INFO [QuorumController id=1] Replayed a FeatureLevelRecord setting metadata.version to 3.9-IV0 (org.apache.kafka.controller.FeatureControlManager)
[2025-04-08 18:40:41,320] INFO [QuorumController id=1] Replayed EndTransactionRecord() at offset 4. (org.apache.kafka.controller.OffsetControlManager)
[2025-04-08 18:40:41,410] INFO [QuorumController id=1] Replayed RegisterControllerRecord contaning ControllerRegistration(id=1, incarnationId=I_VP8hgWQ8G8HPOnnyDZzw, zkMigrationReady=false, listeners=[Endpoint(listenerName='CONTROLLER', securityProtocol=PLAINTEXT, host='localhost', port=9093)], supportedFeatures={kraft.version: 0-1, metadata.version: 1-21}). (org.apache.kafka.controller.ClusterControlManager)
[2025-04-08 18:40:41,491] INFO [QuorumController id=1] No previous registration found for broker 1. New incarnation ID is CbstSynsSrCENQDE-2_lvg.  Generated 0 record(s) to clean up previous incarnations. New broker epoch is 6. (org.apache.kafka.controller.ClusterControlManager)
[2025-04-08 18:40:41,495] INFO [QuorumController id=1] Replayed initial RegisterBrokerRecord for broker 1: RegisterBrokerRecord(brokerId=1, isMigratingZkBroker=false, incarnationId=CbstSynsSrCENQDE-2_lvg, brokerEpoch=6, endPoints=[BrokerEndpoint(name='PLAINTEXT', host='localhost', port=9092, securityProtocol=0)], features=[BrokerFeature(name='kraft.version', minSupportedVersion=0, maxSupportedVersion=1), BrokerFeature(name='metadata.version', minSupportedVersion=1, maxSupportedVersion=21)], rack=null, fenced=true, inControlledShutdown=false, logDirs=[MIUskl6-sWt_zLP6qPeUaw]) (org.apache.kafka.controller.ClusterControlManager)
[2025-04-08 18:40:41,592] INFO [QuorumController id=1] The request from broker 1 to unfence has been granted because it has caught up with the offset of its register broker record 6. (org.apache.kafka.controller.BrokerHeartbeatManager)
[2025-04-08 18:40:41,596] INFO [QuorumController id=1] Replayed BrokerRegistrationChangeRecord modifying the registration for broker 1: BrokerRegistrationChangeRecord(brokerId=1, brokerEpoch=6, fenced=-1, inControlledShutdown=0, logDirs=[]) (org.apache.kafka.controller.ClusterControlManager)
[2025-04-08 18:40:57,921] INFO [QuorumController id=1] CreateTopics result(s): CreatableTopic(name='maritime-events', numPartitions=1, replicationFactor=1, assignments=[], configs=[]): SUCCESS (org.apache.kafka.controller.ReplicationControlManager)
[2025-04-08 18:40:57,921] INFO [QuorumController id=1] Replayed TopicRecord for topic maritime-events with topic ID mqx2fuLrTACCzLY9fN-X1w. (org.apache.kafka.controller.ReplicationControlManager)
[2025-04-08 18:40:57,921] INFO [QuorumController id=1] Replayed PartitionRecord for new partition maritime-events-0 with topic ID mqx2fuLrTACCzLY9fN-X1w and PartitionRegistration(replicas=[1], directories=[MIUskl6-sWt_zLP6qPeUaw], isr=[1], removingReplicas=[], addingReplicas=[], elr=[], lastKnownElr=[], leader=1, leaderRecoveryState=RECOVERED, leaderEpoch=0, partitionEpoch=0). (org.apache.kafka.controller.ReplicationControlManager)
[2025-04-08 18:44:08,531] INFO [QuorumController id=1] Unfenced broker 1 has requested and been granted a controlled shutdown. (org.apache.kafka.controller.BrokerHeartbeatManager)
[2025-04-08 18:44:08,534] INFO [QuorumController id=1] enterControlledShutdown[1]: changing 1 partition(s) (org.apache.kafka.controller.ReplicationControlManager)
[2025-04-08 18:44:08,534] INFO [QuorumController id=1] Replayed BrokerRegistrationChangeRecord modifying the registration for broker 1: BrokerRegistrationChangeRecord(brokerId=1, brokerEpoch=6, fenced=0, inControlledShutdown=1, logDirs=[]) (org.apache.kafka.controller.ClusterControlManager)
[2025-04-08 18:44:08,625] INFO [QuorumController id=1] The request from broker 1 to shut down has been granted since the lowest active offset 9223372036854775807 is now greater than the broker's controlled shutdown offset 416. (org.apache.kafka.controller.BrokerHeartbeatManager)
[2025-04-08 18:44:08,626] INFO [QuorumController id=1] Replayed BrokerRegistrationChangeRecord modifying the registration for broker 1: BrokerRegistrationChangeRecord(brokerId=1, brokerEpoch=6, fenced=1, inControlledShutdown=0, logDirs=[]) (org.apache.kafka.controller.ClusterControlManager)
[2025-04-08 18:44:08,824] INFO [QuorumController id=1] writeNoOpRecord: event unable to start processing because of RejectedExecutionException (treated as TimeoutException). Exception message: The event queue is shutting down (org.apache.kafka.controller.QuorumController)
[2025-04-08 18:44:08,824] INFO [QuorumController id=1] maybeBalancePartitionLeaders: event unable to start processing because of RejectedExecutionException (treated as TimeoutException). Exception message: The event queue is shutting down (org.apache.kafka.controller.QuorumController)
[2025-04-08 18:44:08,824] INFO [QuorumController id=1] maybeElectUncleanLeaders: event unable to start processing because of RejectedExecutionException (treated as TimeoutException). Exception message: The event queue is shutting down (org.apache.kafka.controller.QuorumController)
