[2025-04-15 18:23:56,430] INFO [Broker id=1] Transitioning 52 partition(s) to local followers. (state.change.logger)
[2025-04-15 18:23:56,434] INFO [Broker id=1] Creating new partition __consumer_offsets-13 with topic id 0E0i0vggRqqKJ83Djes_4w. (state.change.logger)
[2025-04-15 18:23:56,451] INFO [Broker id=1] Follower __consumer_offsets-13 starts at leader epoch 5 from offset 0 with partition epoch 5 and high watermark 0. Current leader is -1. Previous leader Some(-1) and previous leader epoch was 5. (state.change.logger)
[2025-04-15 18:23:56,451] INFO [Broker id=1] Creating new partition __consumer_offsets-46 with topic id 0E0i0vggRqqKJ83Djes_4w. (state.change.logger)
[2025-04-15 18:23:56,452] INFO [Broker id=1] Follower __consumer_offsets-46 starts at leader epoch 5 from offset 5 with partition epoch 5 and high watermark 5. Current leader is -1. Previous leader Some(-1) and previous leader epoch was 5. (state.change.logger)
[2025-04-15 18:23:56,452] INFO [Broker id=1] Creating new partition __consumer_offsets-9 with topic id 0E0i0vggRqqKJ83Djes_4w. (state.change.logger)
[2025-04-15 18:23:56,452] INFO [Broker id=1] Follower __consumer_offsets-9 starts at leader epoch 5 from offset 0 with partition epoch 5 and high watermark 0. Current leader is -1. Previous leader Some(-1) and previous leader epoch was 5. (state.change.logger)
[2025-04-15 18:23:56,452] INFO [Broker id=1] Creating new partition __consumer_offsets-42 with topic id 0E0i0vggRqqKJ83Djes_4w. (state.change.logger)
[2025-04-15 18:23:56,453] INFO [Broker id=1] Follower __consumer_offsets-42 starts at leader epoch 5 from offset 0 with partition epoch 5 and high watermark 0. Current leader is -1. Previous leader Some(-1) and previous leader epoch was 5. (state.change.logger)
[2025-04-15 18:23:56,453] INFO [Broker id=1] Creating new partition __consumer_offsets-21 with topic id 0E0i0vggRqqKJ83Djes_4w. (state.change.logger)
[2025-04-15 18:23:56,453] INFO [Broker id=1] Follower __consumer_offsets-21 starts at leader epoch 5 from offset 0 with partition epoch 5 and high watermark 0. Current leader is -1. Previous leader Some(-1) and previous leader epoch was 5. (state.change.logger)
[2025-04-15 18:23:56,453] INFO [Broker id=1] Creating new partition __consumer_offsets-17 with topic id 0E0i0vggRqqKJ83Djes_4w. (state.change.logger)
[2025-04-15 18:23:56,454] INFO [Broker id=1] Follower __consumer_offsets-17 starts at leader epoch 5 from offset 0 with partition epoch 5 and high watermark 0. Current leader is -1. Previous leader Some(-1) and previous leader epoch was 5. (state.change.logger)
[2025-04-15 18:23:56,454] INFO [Broker id=1] Creating new partition __consumer_offsets-30 with topic id 0E0i0vggRqqKJ83Djes_4w. (state.change.logger)
[2025-04-15 18:23:56,454] INFO [Broker id=1] Follower __consumer_offsets-30 starts at leader epoch 5 from offset 3 with partition epoch 5 and high watermark 3. Current leader is -1. Previous leader Some(-1) and previous leader epoch was 5. (state.change.logger)
[2025-04-15 18:23:56,454] INFO [Broker id=1] Creating new partition __consumer_offsets-26 with topic id 0E0i0vggRqqKJ83Djes_4w. (state.change.logger)
[2025-04-15 18:23:56,454] INFO [Broker id=1] Follower __consumer_offsets-26 starts at leader epoch 5 from offset 0 with partition epoch 5 and high watermark 0. Current leader is -1. Previous leader Some(-1) and previous leader epoch was 5. (state.change.logger)
[2025-04-15 18:23:56,454] INFO [Broker id=1] Creating new partition __consumer_offsets-5 with topic id 0E0i0vggRqqKJ83Djes_4w. (state.change.logger)
[2025-04-15 18:23:56,454] INFO [Broker id=1] Follower __consumer_offsets-5 starts at leader epoch 5 from offset 0 with partition epoch 5 and high watermark 0. Current leader is -1. Previous leader Some(-1) and previous leader epoch was 5. (state.change.logger)
[2025-04-15 18:23:56,454] INFO [Broker id=1] Creating new partition __consumer_offsets-38 with topic id 0E0i0vggRqqKJ83Djes_4w. (state.change.logger)
[2025-04-15 18:23:56,454] INFO [Broker id=1] Follower __consumer_offsets-38 starts at leader epoch 5 from offset 0 with partition epoch 5 and high watermark 0. Current leader is -1. Previous leader Some(-1) and previous leader epoch was 5. (state.change.logger)
[2025-04-15 18:23:56,454] INFO [Broker id=1] Creating new partition __consumer_offsets-1 with topic id 0E0i0vggRqqKJ83Djes_4w. (state.change.logger)
[2025-04-15 18:23:56,455] INFO [Broker id=1] Follower __consumer_offsets-1 starts at leader epoch 5 from offset 0 with partition epoch 5 and high watermark 0. Current leader is -1. Previous leader Some(-1) and previous leader epoch was 5. (state.change.logger)
[2025-04-15 18:23:56,455] INFO [Broker id=1] Creating new partition __consumer_offsets-34 with topic id 0E0i0vggRqqKJ83Djes_4w. (state.change.logger)
[2025-04-15 18:23:56,455] INFO [Broker id=1] Follower __consumer_offsets-34 starts at leader epoch 5 from offset 0 with partition epoch 5 and high watermark 0. Current leader is -1. Previous leader Some(-1) and previous leader epoch was 5. (state.change.logger)
[2025-04-15 18:23:56,455] INFO [Broker id=1] Creating new partition __consumer_offsets-16 with topic id 0E0i0vggRqqKJ83Djes_4w. (state.change.logger)
[2025-04-15 18:23:56,455] INFO [Broker id=1] Follower __consumer_offsets-16 starts at leader epoch 5 from offset 0 with partition epoch 5 and high watermark 0. Current leader is -1. Previous leader Some(-1) and previous leader epoch was 5. (state.change.logger)
[2025-04-15 18:23:56,455] INFO [Broker id=1] Creating new partition __consumer_offsets-45 with topic id 0E0i0vggRqqKJ83Djes_4w. (state.change.logger)
[2025-04-15 18:23:56,456] INFO [Broker id=1] Follower __consumer_offsets-45 starts at leader epoch 5 from offset 0 with partition epoch 5 and high watermark 0. Current leader is -1. Previous leader Some(-1) and previous leader epoch was 5. (state.change.logger)
[2025-04-15 18:23:56,456] INFO [Broker id=1] Creating new partition __consumer_offsets-12 with topic id 0E0i0vggRqqKJ83Djes_4w. (state.change.logger)
[2025-04-15 18:23:56,456] INFO [Broker id=1] Follower __consumer_offsets-12 starts at leader epoch 5 from offset 0 with partition epoch 5 and high watermark 0. Current leader is -1. Previous leader Some(-1) and previous leader epoch was 5. (state.change.logger)
[2025-04-15 18:23:56,456] INFO [Broker id=1] Creating new partition __consumer_offsets-41 with topic id 0E0i0vggRqqKJ83Djes_4w. (state.change.logger)
[2025-04-15 18:23:56,456] INFO [Broker id=1] Follower __consumer_offsets-41 starts at leader epoch 5 from offset 0 with partition epoch 5 and high watermark 0. Current leader is -1. Previous leader Some(-1) and previous leader epoch was 5. (state.change.logger)
[2025-04-15 18:23:56,456] INFO [Broker id=1] Creating new partition __consumer_offsets-24 with topic id 0E0i0vggRqqKJ83Djes_4w. (state.change.logger)
[2025-04-15 18:23:56,456] INFO [Broker id=1] Follower __consumer_offsets-24 starts at leader epoch 5 from offset 0 with partition epoch 5 and high watermark 0. Current leader is -1. Previous leader Some(-1) and previous leader epoch was 5. (state.change.logger)
[2025-04-15 18:23:56,456] INFO [Broker id=1] Creating new partition __consumer_offsets-20 with topic id 0E0i0vggRqqKJ83Djes_4w. (state.change.logger)
[2025-04-15 18:23:56,457] INFO [Broker id=1] Follower __consumer_offsets-20 starts at leader epoch 5 from offset 0 with partition epoch 5 and high watermark 0. Current leader is -1. Previous leader Some(-1) and previous leader epoch was 5. (state.change.logger)
[2025-04-15 18:23:56,457] INFO [Broker id=1] Creating new partition __consumer_offsets-49 with topic id 0E0i0vggRqqKJ83Djes_4w. (state.change.logger)
[2025-04-15 18:23:56,457] INFO [Broker id=1] Follower __consumer_offsets-49 starts at leader epoch 5 from offset 0 with partition epoch 5 and high watermark 0. Current leader is -1. Previous leader Some(-1) and previous leader epoch was 5. (state.change.logger)
[2025-04-15 18:23:56,457] INFO [Broker id=1] Creating new partition __consumer_offsets-0 with topic id 0E0i0vggRqqKJ83Djes_4w. (state.change.logger)
[2025-04-15 18:23:56,457] INFO [Broker id=1] Follower __consumer_offsets-0 starts at leader epoch 5 from offset 3 with partition epoch 5 and high watermark 3. Current leader is -1. Previous leader Some(-1) and previous leader epoch was 5. (state.change.logger)
[2025-04-15 18:23:56,457] INFO [Broker id=1] Creating new partition __consumer_offsets-29 with topic id 0E0i0vggRqqKJ83Djes_4w. (state.change.logger)
[2025-04-15 18:23:56,457] INFO [Broker id=1] Follower __consumer_offsets-29 starts at leader epoch 5 from offset 0 with partition epoch 5 and high watermark 0. Current leader is -1. Previous leader Some(-1) and previous leader epoch was 5. (state.change.logger)
[2025-04-15 18:23:56,457] INFO [Broker id=1] Creating new partition __consumer_offsets-25 with topic id 0E0i0vggRqqKJ83Djes_4w. (state.change.logger)
[2025-04-15 18:23:56,458] INFO [Broker id=1] Follower __consumer_offsets-25 starts at leader epoch 5 from offset 0 with partition epoch 5 and high watermark 0. Current leader is -1. Previous leader Some(-1) and previous leader epoch was 5. (state.change.logger)
[2025-04-15 18:23:56,458] INFO [Broker id=1] Creating new partition __consumer_offsets-8 with topic id 0E0i0vggRqqKJ83Djes_4w. (state.change.logger)
[2025-04-15 18:23:56,458] INFO [Broker id=1] Follower __consumer_offsets-8 starts at leader epoch 5 from offset 3 with partition epoch 5 and high watermark 3. Current leader is -1. Previous leader Some(-1) and previous leader epoch was 5. (state.change.logger)
[2025-04-15 18:23:56,458] INFO [Broker id=1] Creating new partition __consumer_offsets-37 with topic id 0E0i0vggRqqKJ83Djes_4w. (state.change.logger)
[2025-04-15 18:23:56,458] INFO [Broker id=1] Follower __consumer_offsets-37 starts at leader epoch 5 from offset 0 with partition epoch 5 and high watermark 0. Current leader is -1. Previous leader Some(-1) and previous leader epoch was 5. (state.change.logger)
[2025-04-15 18:23:56,458] INFO [Broker id=1] Creating new partition __consumer_offsets-4 with topic id 0E0i0vggRqqKJ83Djes_4w. (state.change.logger)
[2025-04-15 18:23:56,458] INFO [Broker id=1] Follower __consumer_offsets-4 starts at leader epoch 5 from offset 0 with partition epoch 5 and high watermark 0. Current leader is -1. Previous leader Some(-1) and previous leader epoch was 5. (state.change.logger)
[2025-04-15 18:23:56,458] INFO [Broker id=1] Creating new partition __consumer_offsets-33 with topic id 0E0i0vggRqqKJ83Djes_4w. (state.change.logger)
[2025-04-15 18:23:56,459] INFO [Broker id=1] Follower __consumer_offsets-33 starts at leader epoch 5 from offset 3 with partition epoch 5 and high watermark 3. Current leader is -1. Previous leader Some(-1) and previous leader epoch was 5. (state.change.logger)
[2025-04-15 18:23:56,459] INFO [Broker id=1] Creating new partition __consumer_offsets-15 with topic id 0E0i0vggRqqKJ83Djes_4w. (state.change.logger)
[2025-04-15 18:23:56,459] INFO [Broker id=1] Follower __consumer_offsets-15 starts at leader epoch 5 from offset 0 with partition epoch 5 and high watermark 0. Current leader is -1. Previous leader Some(-1) and previous leader epoch was 5. (state.change.logger)
[2025-04-15 18:23:56,459] INFO [Broker id=1] Creating new partition __consumer_offsets-48 with topic id 0E0i0vggRqqKJ83Djes_4w. (state.change.logger)
[2025-04-15 18:23:56,459] INFO [Broker id=1] Follower __consumer_offsets-48 starts at leader epoch 5 from offset 0 with partition epoch 5 and high watermark 0. Current leader is -1. Previous leader Some(-1) and previous leader epoch was 5. (state.change.logger)
[2025-04-15 18:23:56,459] INFO [Broker id=1] Creating new partition __consumer_offsets-11 with topic id 0E0i0vggRqqKJ83Djes_4w. (state.change.logger)
[2025-04-15 18:23:56,459] INFO [Broker id=1] Follower __consumer_offsets-11 starts at leader epoch 5 from offset 0 with partition epoch 5 and high watermark 0. Current leader is -1. Previous leader Some(-1) and previous leader epoch was 5. (state.change.logger)
[2025-04-15 18:23:56,459] INFO [Broker id=1] Creating new partition __consumer_offsets-44 with topic id 0E0i0vggRqqKJ83Djes_4w. (state.change.logger)
[2025-04-15 18:23:56,461] INFO [Broker id=1] Follower __consumer_offsets-44 starts at leader epoch 5 from offset 0 with partition epoch 5 and high watermark 0. Current leader is -1. Previous leader Some(-1) and previous leader epoch was 5. (state.change.logger)
[2025-04-15 18:23:56,461] INFO [Broker id=1] Creating new partition __consumer_offsets-23 with topic id 0E0i0vggRqqKJ83Djes_4w. (state.change.logger)
[2025-04-15 18:23:56,461] INFO [Broker id=1] Follower __consumer_offsets-23 starts at leader epoch 5 from offset 0 with partition epoch 5 and high watermark 0. Current leader is -1. Previous leader Some(-1) and previous leader epoch was 5. (state.change.logger)
[2025-04-15 18:23:56,461] INFO [Broker id=1] Creating new partition maritime-events-0 with topic id mqx2fuLrTACCzLY9fN-X1w. (state.change.logger)
[2025-04-15 18:23:56,461] INFO [Broker id=1] Follower maritime-events-0 starts at leader epoch 25 from offset 4015 with partition epoch 25 and high watermark 4015. Current leader is -1. Previous leader Some(-1) and previous leader epoch was 25. (state.change.logger)
[2025-04-15 18:23:56,461] INFO [Broker id=1] Creating new partition __consumer_offsets-19 with topic id 0E0i0vggRqqKJ83Djes_4w. (state.change.logger)
[2025-04-15 18:23:56,462] INFO [Broker id=1] Follower __consumer_offsets-19 starts at leader epoch 5 from offset 0 with partition epoch 5 and high watermark 0. Current leader is -1. Previous leader Some(-1) and previous leader epoch was 5. (state.change.logger)
[2025-04-15 18:23:56,462] INFO [Broker id=1] Creating new partition __consumer_offsets-32 with topic id 0E0i0vggRqqKJ83Djes_4w. (state.change.logger)
[2025-04-15 18:23:56,462] INFO [Broker id=1] Follower __consumer_offsets-32 starts at leader epoch 5 from offset 0 with partition epoch 5 and high watermark 0. Current leader is -1. Previous leader Some(-1) and previous leader epoch was 5. (state.change.logger)
[2025-04-15 18:23:56,462] INFO [Broker id=1] Creating new partition __consumer_offsets-28 with topic id 0E0i0vggRqqKJ83Djes_4w. (state.change.logger)
[2025-04-15 18:23:56,462] INFO [Broker id=1] Follower __consumer_offsets-28 starts at leader epoch 5 from offset 0 with partition epoch 5 and high watermark 0. Current leader is -1. Previous leader Some(-1) and previous leader epoch was 5. (state.change.logger)
[2025-04-15 18:23:56,462] INFO [Broker id=1] Creating new partition __consumer_offsets-7 with topic id 0E0i0vggRqqKJ83Djes_4w. (state.change.logger)
[2025-04-15 18:23:56,463] INFO [Broker id=1] Follower __consumer_offsets-7 starts at leader epoch 5 from offset 0 with partition epoch 5 and high watermark 0. Current leader is -1. Previous leader Some(-1) and previous leader epoch was 5. (state.change.logger)
[2025-04-15 18:23:56,463] INFO [Broker id=1] Creating new partition __consumer_offsets-40 with topic id 0E0i0vggRqqKJ83Djes_4w. (state.change.logger)
[2025-04-15 18:23:56,463] INFO [Broker id=1] Follower __consumer_offsets-40 starts at leader epoch 5 from offset 0 with partition epoch 5 and high watermark 0. Current leader is -1. Previous leader Some(-1) and previous leader epoch was 5. (state.change.logger)
[2025-04-15 18:23:56,463] INFO [Broker id=1] Creating new partition __consumer_offsets-3 with topic id 0E0i0vggRqqKJ83Djes_4w. (state.change.logger)
[2025-04-15 18:23:56,463] INFO [Broker id=1] Follower __consumer_offsets-3 starts at leader epoch 5 from offset 0 with partition epoch 5 and high watermark 0. Current leader is -1. Previous leader Some(-1) and previous leader epoch was 5. (state.change.logger)
[2025-04-15 18:23:56,463] INFO [Broker id=1] Creating new partition __consumer_offsets-36 with topic id 0E0i0vggRqqKJ83Djes_4w. (state.change.logger)
[2025-04-15 18:23:56,463] INFO [Broker id=1] Follower __consumer_offsets-36 starts at leader epoch 5 from offset 0 with partition epoch 5 and high watermark 0. Current leader is -1. Previous leader Some(-1) and previous leader epoch was 5. (state.change.logger)
[2025-04-15 18:23:56,463] INFO [Broker id=1] Creating new partition events-0 with topic id 7u5ICkcQT3y8Gwrto0k1yA. (state.change.logger)
[2025-04-15 18:23:56,464] INFO [Broker id=1] Follower events-0 starts at leader epoch 5 from offset 0 with partition epoch 5 and high watermark 0. Current leader is -1. Previous leader Some(-1) and previous leader epoch was 5. (state.change.logger)
[2025-04-15 18:23:56,464] INFO [Broker id=1] Creating new partition __consumer_offsets-47 with topic id 0E0i0vggRqqKJ83Djes_4w. (state.change.logger)
[2025-04-15 18:23:56,464] INFO [Broker id=1] Follower __consumer_offsets-47 starts at leader epoch 5 from offset 0 with partition epoch 5 and high watermark 0. Current leader is -1. Previous leader Some(-1) and previous leader epoch was 5. (state.change.logger)
[2025-04-15 18:23:56,464] INFO [Broker id=1] Creating new partition __consumer_offsets-14 with topic id 0E0i0vggRqqKJ83Djes_4w. (state.change.logger)
[2025-04-15 18:23:56,464] INFO [Broker id=1] Follower __consumer_offsets-14 starts at leader epoch 5 from offset 3 with partition epoch 5 and high watermark 3. Current leader is -1. Previous leader Some(-1) and previous leader epoch was 5. (state.change.logger)
[2025-04-15 18:23:56,464] INFO [Broker id=1] Creating new partition __consumer_offsets-43 with topic id 0E0i0vggRqqKJ83Djes_4w. (state.change.logger)
[2025-04-15 18:23:56,464] INFO [Broker id=1] Follower __consumer_offsets-43 starts at leader epoch 5 from offset 0 with partition epoch 5 and high watermark 0. Current leader is -1. Previous leader Some(-1) and previous leader epoch was 5. (state.change.logger)
[2025-04-15 18:23:56,464] INFO [Broker id=1] Creating new partition __consumer_offsets-10 with topic id 0E0i0vggRqqKJ83Djes_4w. (state.change.logger)
[2025-04-15 18:23:56,465] INFO [Broker id=1] Follower __consumer_offsets-10 starts at leader epoch 5 from offset 0 with partition epoch 5 and high watermark 0. Current leader is -1. Previous leader Some(-1) and previous leader epoch was 5. (state.change.logger)
[2025-04-15 18:23:56,465] INFO [Broker id=1] Creating new partition __consumer_offsets-22 with topic id 0E0i0vggRqqKJ83Djes_4w. (state.change.logger)
[2025-04-15 18:23:56,465] INFO [Broker id=1] Follower __consumer_offsets-22 starts at leader epoch 5 from offset 0 with partition epoch 5 and high watermark 0. Current leader is -1. Previous leader Some(-1) and previous leader epoch was 5. (state.change.logger)
[2025-04-15 18:23:56,465] INFO [Broker id=1] Creating new partition __consumer_offsets-18 with topic id 0E0i0vggRqqKJ83Djes_4w. (state.change.logger)
[2025-04-15 18:23:56,465] INFO [Broker id=1] Follower __consumer_offsets-18 starts at leader epoch 5 from offset 0 with partition epoch 5 and high watermark 0. Current leader is -1. Previous leader Some(-1) and previous leader epoch was 5. (state.change.logger)
[2025-04-15 18:23:56,465] INFO [Broker id=1] Creating new partition __consumer_offsets-31 with topic id 0E0i0vggRqqKJ83Djes_4w. (state.change.logger)
[2025-04-15 18:23:56,465] INFO [Broker id=1] Follower __consumer_offsets-31 starts at leader epoch 5 from offset 0 with partition epoch 5 and high watermark 0. Current leader is -1. Previous leader Some(-1) and previous leader epoch was 5. (state.change.logger)
[2025-04-15 18:23:56,465] INFO [Broker id=1] Creating new partition __consumer_offsets-27 with topic id 0E0i0vggRqqKJ83Djes_4w. (state.change.logger)
[2025-04-15 18:23:56,466] INFO [Broker id=1] Follower __consumer_offsets-27 starts at leader epoch 5 from offset 2 with partition epoch 5 and high watermark 2. Current leader is -1. Previous leader Some(-1) and previous leader epoch was 5. (state.change.logger)
[2025-04-15 18:23:56,466] INFO [Broker id=1] Creating new partition __consumer_offsets-39 with topic id 0E0i0vggRqqKJ83Djes_4w. (state.change.logger)
[2025-04-15 18:23:56,466] INFO [Broker id=1] Follower __consumer_offsets-39 starts at leader epoch 5 from offset 0 with partition epoch 5 and high watermark 0. Current leader is -1. Previous leader Some(-1) and previous leader epoch was 5. (state.change.logger)
[2025-04-15 18:23:56,466] INFO [Broker id=1] Creating new partition __consumer_offsets-6 with topic id 0E0i0vggRqqKJ83Djes_4w. (state.change.logger)
[2025-04-15 18:23:56,466] INFO [Broker id=1] Follower __consumer_offsets-6 starts at leader epoch 5 from offset 0 with partition epoch 5 and high watermark 0. Current leader is -1. Previous leader Some(-1) and previous leader epoch was 5. (state.change.logger)
[2025-04-15 18:23:56,466] INFO [Broker id=1] Creating new partition __consumer_offsets-35 with topic id 0E0i0vggRqqKJ83Djes_4w. (state.change.logger)
[2025-04-15 18:23:56,466] INFO [Broker id=1] Follower __consumer_offsets-35 starts at leader epoch 5 from offset 0 with partition epoch 5 and high watermark 0. Current leader is -1. Previous leader Some(-1) and previous leader epoch was 5. (state.change.logger)
[2025-04-15 18:23:56,466] INFO [Broker id=1] Creating new partition __consumer_offsets-2 with topic id 0E0i0vggRqqKJ83Djes_4w. (state.change.logger)
[2025-04-15 18:23:56,466] INFO [Broker id=1] Follower __consumer_offsets-2 starts at leader epoch 5 from offset 2 with partition epoch 5 and high watermark 2. Current leader is -1. Previous leader Some(-1) and previous leader epoch was 5. (state.change.logger)
[2025-04-15 18:23:56,467] INFO [Broker id=1] Stopped fetchers as part of become-follower for 52 partitions (state.change.logger)
[2025-04-15 18:23:56,469] INFO [Broker id=1] Started fetchers as part of become-follower for 52 partitions (state.change.logger)
[2025-04-15 18:23:56,554] INFO [Broker id=1] Transitioning 52 partition(s) to local leaders. (state.change.logger)
[2025-04-15 18:23:56,559] INFO [Broker id=1] Leader __consumer_offsets-13 with topic id Some(0E0i0vggRqqKJ83Djes_4w) starts at leader epoch 6 from offset 0 with partition epoch 6, high watermark 0, ISR [1], adding replicas [] and removing replicas [] . Previous leader Some(-1) and previous leader epoch was 5. (state.change.logger)
[2025-04-15 18:23:56,562] INFO [Broker id=1] Leader __consumer_offsets-46 with topic id Some(0E0i0vggRqqKJ83Djes_4w) starts at leader epoch 6 from offset 5 with partition epoch 6, high watermark 5, ISR [1], adding replicas [] and removing replicas [] . Previous leader Some(-1) and previous leader epoch was 5. (state.change.logger)
[2025-04-15 18:23:56,565] INFO [Broker id=1] Leader __consumer_offsets-9 with topic id Some(0E0i0vggRqqKJ83Djes_4w) starts at leader epoch 6 from offset 0 with partition epoch 6, high watermark 0, ISR [1], adding replicas [] and removing replicas [] . Previous leader Some(-1) and previous leader epoch was 5. (state.change.logger)
[2025-04-15 18:23:56,568] INFO [Broker id=1] Leader __consumer_offsets-42 with topic id Some(0E0i0vggRqqKJ83Djes_4w) starts at leader epoch 6 from offset 0 with partition epoch 6, high watermark 0, ISR [1], adding replicas [] and removing replicas [] . Previous leader Some(-1) and previous leader epoch was 5. (state.change.logger)
[2025-04-15 18:23:56,580] INFO [Broker id=1] Leader __consumer_offsets-21 with topic id Some(0E0i0vggRqqKJ83Djes_4w) starts at leader epoch 6 from offset 0 with partition epoch 6, high watermark 0, ISR [1], adding replicas [] and removing replicas [] . Previous leader Some(-1) and previous leader epoch was 5. (state.change.logger)
[2025-04-15 18:23:56,582] INFO [Broker id=1] Leader __consumer_offsets-17 with topic id Some(0E0i0vggRqqKJ83Djes_4w) starts at leader epoch 6 from offset 0 with partition epoch 6, high watermark 0, ISR [1], adding replicas [] and removing replicas [] . Previous leader Some(-1) and previous leader epoch was 5. (state.change.logger)
[2025-04-15 18:23:56,584] INFO [Broker id=1] Leader __consumer_offsets-30 with topic id Some(0E0i0vggRqqKJ83Djes_4w) starts at leader epoch 6 from offset 3 with partition epoch 6, high watermark 3, ISR [1], adding replicas [] and removing replicas [] . Previous leader Some(-1) and previous leader epoch was 5. (state.change.logger)
[2025-04-15 18:23:56,586] INFO [Broker id=1] Leader __consumer_offsets-26 with topic id Some(0E0i0vggRqqKJ83Djes_4w) starts at leader epoch 6 from offset 0 with partition epoch 6, high watermark 0, ISR [1], adding replicas [] and removing replicas [] . Previous leader Some(-1) and previous leader epoch was 5. (state.change.logger)
[2025-04-15 18:23:56,588] INFO [Broker id=1] Leader __consumer_offsets-5 with topic id Some(0E0i0vggRqqKJ83Djes_4w) starts at leader epoch 6 from offset 0 with partition epoch 6, high watermark 0, ISR [1], adding replicas [] and removing replicas [] . Previous leader Some(-1) and previous leader epoch was 5. (state.change.logger)
[2025-04-15 18:23:56,590] INFO [Broker id=1] Leader __consumer_offsets-38 with topic id Some(0E0i0vggRqqKJ83Djes_4w) starts at leader epoch 6 from offset 0 with partition epoch 6, high watermark 0, ISR [1], adding replicas [] and removing replicas [] . Previous leader Some(-1) and previous leader epoch was 5. (state.change.logger)
[2025-04-15 18:23:56,592] INFO [Broker id=1] Leader __consumer_offsets-1 with topic id Some(0E0i0vggRqqKJ83Djes_4w) starts at leader epoch 6 from offset 0 with partition epoch 6, high watermark 0, ISR [1], adding replicas [] and removing replicas [] . Previous leader Some(-1) and previous leader epoch was 5. (state.change.logger)
[2025-04-15 18:23:56,594] INFO [Broker id=1] Leader __consumer_offsets-34 with topic id Some(0E0i0vggRqqKJ83Djes_4w) starts at leader epoch 6 from offset 0 with partition epoch 6, high watermark 0, ISR [1], adding replicas [] and removing replicas [] . Previous leader Some(-1) and previous leader epoch was 5. (state.change.logger)
[2025-04-15 18:23:56,596] INFO [Broker id=1] Leader __consumer_offsets-16 with topic id Some(0E0i0vggRqqKJ83Djes_4w) starts at leader epoch 6 from offset 0 with partition epoch 6, high watermark 0, ISR [1], adding replicas [] and removing replicas [] . Previous leader Some(-1) and previous leader epoch was 5. (state.change.logger)
[2025-04-15 18:23:56,598] INFO [Broker id=1] Leader __consumer_offsets-45 with topic id Some(0E0i0vggRqqKJ83Djes_4w) starts at leader epoch 6 from offset 0 with partition epoch 6, high watermark 0, ISR [1], adding replicas [] and removing replicas [] . Previous leader Some(-1) and previous leader epoch was 5. (state.change.logger)
[2025-04-15 18:23:56,600] INFO [Broker id=1] Leader __consumer_offsets-12 with topic id Some(0E0i0vggRqqKJ83Djes_4w) starts at leader epoch 6 from offset 0 with partition epoch 6, high watermark 0, ISR [1], adding replicas [] and removing replicas [] . Previous leader Some(-1) and previous leader epoch was 5. (state.change.logger)
[2025-04-15 18:23:56,602] INFO [Broker id=1] Leader __consumer_offsets-41 with topic id Some(0E0i0vggRqqKJ83Djes_4w) starts at leader epoch 6 from offset 0 with partition epoch 6, high watermark 0, ISR [1], adding replicas [] and removing replicas [] . Previous leader Some(-1) and previous leader epoch was 5. (state.change.logger)
[2025-04-15 18:23:56,604] INFO [Broker id=1] Leader __consumer_offsets-24 with topic id Some(0E0i0vggRqqKJ83Djes_4w) starts at leader epoch 6 from offset 0 with partition epoch 6, high watermark 0, ISR [1], adding replicas [] and removing replicas [] . Previous leader Some(-1) and previous leader epoch was 5. (state.change.logger)
[2025-04-15 18:23:56,606] INFO [Broker id=1] Leader __consumer_offsets-20 with topic id Some(0E0i0vggRqqKJ83Djes_4w) starts at leader epoch 6 from offset 0 with partition epoch 6, high watermark 0, ISR [1], adding replicas [] and removing replicas [] . Previous leader Some(-1) and previous leader epoch was 5. (state.change.logger)
[2025-04-15 18:23:56,608] INFO [Broker id=1] Leader __consumer_offsets-49 with topic id Some(0E0i0vggRqqKJ83Djes_4w) starts at leader epoch 6 from offset 0 with partition epoch 6, high watermark 0, ISR [1], adding replicas [] and removing replicas [] . Previous leader Some(-1) and previous leader epoch was 5. (state.change.logger)
[2025-04-15 18:23:56,610] INFO [Broker id=1] Leader __consumer_offsets-0 with topic id Some(0E0i0vggRqqKJ83Djes_4w) starts at leader epoch 6 from offset 3 with partition epoch 6, high watermark 3, ISR [1], adding replicas [] and removing replicas [] . Previous leader Some(-1) and previous leader epoch was 5. (state.change.logger)
[2025-04-15 18:23:56,612] INFO [Broker id=1] Leader __consumer_offsets-29 with topic id Some(0E0i0vggRqqKJ83Djes_4w) starts at leader epoch 6 from offset 0 with partition epoch 6, high watermark 0, ISR [1], adding replicas [] and removing replicas [] . Previous leader Some(-1) and previous leader epoch was 5. (state.change.logger)
[2025-04-15 18:23:56,614] INFO [Broker id=1] Leader __consumer_offsets-25 with topic id Some(0E0i0vggRqqKJ83Djes_4w) starts at leader epoch 6 from offset 0 with partition epoch 6, high watermark 0, ISR [1], adding replicas [] and removing replicas [] . Previous leader Some(-1) and previous leader epoch was 5. (state.change.logger)
[2025-04-15 18:23:56,616] INFO [Broker id=1] Leader __consumer_offsets-8 with topic id Some(0E0i0vggRqqKJ83Djes_4w) starts at leader epoch 6 from offset 3 with partition epoch 6, high watermark 3, ISR [1], adding replicas [] and removing replicas [] . Previous leader Some(-1) and previous leader epoch was 5. (state.change.logger)
[2025-04-15 18:23:56,618] INFO [Broker id=1] Leader __consumer_offsets-37 with topic id Some(0E0i0vggRqqKJ83Djes_4w) starts at leader epoch 6 from offset 0 with partition epoch 6, high watermark 0, ISR [1], adding replicas [] and removing replicas [] . Previous leader Some(-1) and previous leader epoch was 5. (state.change.logger)
[2025-04-15 18:23:56,620] INFO [Broker id=1] Leader __consumer_offsets-4 with topic id Some(0E0i0vggRqqKJ83Djes_4w) starts at leader epoch 6 from offset 0 with partition epoch 6, high watermark 0, ISR [1], adding replicas [] and removing replicas [] . Previous leader Some(-1) and previous leader epoch was 5. (state.change.logger)
[2025-04-15 18:23:56,622] INFO [Broker id=1] Leader __consumer_offsets-33 with topic id Some(0E0i0vggRqqKJ83Djes_4w) starts at leader epoch 6 from offset 3 with partition epoch 6, high watermark 3, ISR [1], adding replicas [] and removing replicas [] . Previous leader Some(-1) and previous leader epoch was 5. (state.change.logger)
[2025-04-15 18:23:56,624] INFO [Broker id=1] Leader __consumer_offsets-15 with topic id Some(0E0i0vggRqqKJ83Djes_4w) starts at leader epoch 6 from offset 0 with partition epoch 6, high watermark 0, ISR [1], adding replicas [] and removing replicas [] . Previous leader Some(-1) and previous leader epoch was 5. (state.change.logger)
[2025-04-15 18:23:56,626] INFO [Broker id=1] Leader __consumer_offsets-48 with topic id Some(0E0i0vggRqqKJ83Djes_4w) starts at leader epoch 6 from offset 0 with partition epoch 6, high watermark 0, ISR [1], adding replicas [] and removing replicas [] . Previous leader Some(-1) and previous leader epoch was 5. (state.change.logger)
[2025-04-15 18:23:56,628] INFO [Broker id=1] Leader __consumer_offsets-11 with topic id Some(0E0i0vggRqqKJ83Djes_4w) starts at leader epoch 6 from offset 0 with partition epoch 6, high watermark 0, ISR [1], adding replicas [] and removing replicas [] . Previous leader Some(-1) and previous leader epoch was 5. (state.change.logger)
[2025-04-15 18:23:56,630] INFO [Broker id=1] Leader __consumer_offsets-44 with topic id Some(0E0i0vggRqqKJ83Djes_4w) starts at leader epoch 6 from offset 0 with partition epoch 6, high watermark 0, ISR [1], adding replicas [] and removing replicas [] . Previous leader Some(-1) and previous leader epoch was 5. (state.change.logger)
[2025-04-15 18:23:56,632] INFO [Broker id=1] Leader __consumer_offsets-23 with topic id Some(0E0i0vggRqqKJ83Djes_4w) starts at leader epoch 6 from offset 0 with partition epoch 6, high watermark 0, ISR [1], adding replicas [] and removing replicas [] . Previous leader Some(-1) and previous leader epoch was 5. (state.change.logger)
[2025-04-15 18:23:56,635] INFO [Broker id=1] Leader maritime-events-0 with topic id Some(mqx2fuLrTACCzLY9fN-X1w) starts at leader epoch 26 from offset 4015 with partition epoch 26, high watermark 4015, ISR [1], adding replicas [] and removing replicas [] . Previous leader Some(-1) and previous leader epoch was 25. (state.change.logger)
[2025-04-15 18:23:56,637] INFO [Broker id=1] Leader __consumer_offsets-19 with topic id Some(0E0i0vggRqqKJ83Djes_4w) starts at leader epoch 6 from offset 0 with partition epoch 6, high watermark 0, ISR [1], adding replicas [] and removing replicas [] . Previous leader Some(-1) and previous leader epoch was 5. (state.change.logger)
[2025-04-15 18:23:56,639] INFO [Broker id=1] Leader __consumer_offsets-32 with topic id Some(0E0i0vggRqqKJ83Djes_4w) starts at leader epoch 6 from offset 0 with partition epoch 6, high watermark 0, ISR [1], adding replicas [] and removing replicas [] . Previous leader Some(-1) and previous leader epoch was 5. (state.change.logger)
[2025-04-15 18:23:56,641] INFO [Broker id=1] Leader __consumer_offsets-28 with topic id Some(0E0i0vggRqqKJ83Djes_4w) starts at leader epoch 6 from offset 0 with partition epoch 6, high watermark 0, ISR [1], adding replicas [] and removing replicas [] . Previous leader Some(-1) and previous leader epoch was 5. (state.change.logger)
[2025-04-15 18:23:56,643] INFO [Broker id=1] Leader __consumer_offsets-7 with topic id Some(0E0i0vggRqqKJ83Djes_4w) starts at leader epoch 6 from offset 0 with partition epoch 6, high watermark 0, ISR [1], adding replicas [] and removing replicas [] . Previous leader Some(-1) and previous leader epoch was 5. (state.change.logger)
[2025-04-15 18:23:56,645] INFO [Broker id=1] Leader __consumer_offsets-40 with topic id Some(0E0i0vggRqqKJ83Djes_4w) starts at leader epoch 6 from offset 0 with partition epoch 6, high watermark 0, ISR [1], adding replicas [] and removing replicas [] . Previous leader Some(-1) and previous leader epoch was 5. (state.change.logger)
[2025-04-15 18:23:56,647] INFO [Broker id=1] Leader __consumer_offsets-3 with topic id Some(0E0i0vggRqqKJ83Djes_4w) starts at leader epoch 6 from offset 0 with partition epoch 6, high watermark 0, ISR [1], adding replicas [] and removing replicas [] . Previous leader Some(-1) and previous leader epoch was 5. (state.change.logger)
[2025-04-15 18:23:56,649] INFO [Broker id=1] Leader __consumer_offsets-36 with topic id Some(0E0i0vggRqqKJ83Djes_4w) starts at leader epoch 6 from offset 0 with partition epoch 6, high watermark 0, ISR [1], adding replicas [] and removing replicas [] . Previous leader Some(-1) and previous leader epoch was 5. (state.change.logger)
[2025-04-15 18:23:56,651] INFO [Broker id=1] Leader events-0 with topic id Some(7u5ICkcQT3y8Gwrto0k1yA) starts at leader epoch 6 from offset 0 with partition epoch 6, high watermark 0, ISR [1], adding replicas [] and removing replicas [] . Previous leader Some(-1) and previous leader epoch was 5. (state.change.logger)
[2025-04-15 18:23:56,654] INFO [Broker id=1] Leader __consumer_offsets-47 with topic id Some(0E0i0vggRqqKJ83Djes_4w) starts at leader epoch 6 from offset 0 with partition epoch 6, high watermark 0, ISR [1], adding replicas [] and removing replicas [] . Previous leader Some(-1) and previous leader epoch was 5. (state.change.logger)
[2025-04-15 18:23:56,657] INFO [Broker id=1] Leader __consumer_offsets-14 with topic id Some(0E0i0vggRqqKJ83Djes_4w) starts at leader epoch 6 from offset 3 with partition epoch 6, high watermark 3, ISR [1], adding replicas [] and removing replicas [] . Previous leader Some(-1) and previous leader epoch was 5. (state.change.logger)
[2025-04-15 18:23:56,660] INFO [Broker id=1] Leader __consumer_offsets-43 with topic id Some(0E0i0vggRqqKJ83Djes_4w) starts at leader epoch 6 from offset 0 with partition epoch 6, high watermark 0, ISR [1], adding replicas [] and removing replicas [] . Previous leader Some(-1) and previous leader epoch was 5. (state.change.logger)
[2025-04-15 18:23:56,662] INFO [Broker id=1] Leader __consumer_offsets-10 with topic id Some(0E0i0vggRqqKJ83Djes_4w) starts at leader epoch 6 from offset 0 with partition epoch 6, high watermark 0, ISR [1], adding replicas [] and removing replicas [] . Previous leader Some(-1) and previous leader epoch was 5. (state.change.logger)
[2025-04-15 18:23:56,664] INFO [Broker id=1] Leader __consumer_offsets-22 with topic id Some(0E0i0vggRqqKJ83Djes_4w) starts at leader epoch 6 from offset 0 with partition epoch 6, high watermark 0, ISR [1], adding replicas [] and removing replicas [] . Previous leader Some(-1) and previous leader epoch was 5. (state.change.logger)
[2025-04-15 18:23:56,666] INFO [Broker id=1] Leader __consumer_offsets-18 with topic id Some(0E0i0vggRqqKJ83Djes_4w) starts at leader epoch 6 from offset 0 with partition epoch 6, high watermark 0, ISR [1], adding replicas [] and removing replicas [] . Previous leader Some(-1) and previous leader epoch was 5. (state.change.logger)
[2025-04-15 18:23:56,668] INFO [Broker id=1] Leader __consumer_offsets-31 with topic id Some(0E0i0vggRqqKJ83Djes_4w) starts at leader epoch 6 from offset 0 with partition epoch 6, high watermark 0, ISR [1], adding replicas [] and removing replicas [] . Previous leader Some(-1) and previous leader epoch was 5. (state.change.logger)
[2025-04-15 18:23:56,670] INFO [Broker id=1] Leader __consumer_offsets-27 with topic id Some(0E0i0vggRqqKJ83Djes_4w) starts at leader epoch 6 from offset 2 with partition epoch 6, high watermark 2, ISR [1], adding replicas [] and removing replicas [] . Previous leader Some(-1) and previous leader epoch was 5. (state.change.logger)
[2025-04-15 18:23:56,672] INFO [Broker id=1] Leader __consumer_offsets-39 with topic id Some(0E0i0vggRqqKJ83Djes_4w) starts at leader epoch 6 from offset 0 with partition epoch 6, high watermark 0, ISR [1], adding replicas [] and removing replicas [] . Previous leader Some(-1) and previous leader epoch was 5. (state.change.logger)
[2025-04-15 18:23:56,674] INFO [Broker id=1] Leader __consumer_offsets-6 with topic id Some(0E0i0vggRqqKJ83Djes_4w) starts at leader epoch 6 from offset 0 with partition epoch 6, high watermark 0, ISR [1], adding replicas [] and removing replicas [] . Previous leader Some(-1) and previous leader epoch was 5. (state.change.logger)
[2025-04-15 18:23:56,676] INFO [Broker id=1] Leader __consumer_offsets-35 with topic id Some(0E0i0vggRqqKJ83Djes_4w) starts at leader epoch 6 from offset 0 with partition epoch 6, high watermark 0, ISR [1], adding replicas [] and removing replicas [] . Previous leader Some(-1) and previous leader epoch was 5. (state.change.logger)
[2025-04-15 18:23:56,678] INFO [Broker id=1] Leader __consumer_offsets-2 with topic id Some(0E0i0vggRqqKJ83Djes_4w) starts at leader epoch 6 from offset 2 with partition epoch 6, high watermark 2, ISR [1], adding replicas [] and removing replicas [] . Previous leader Some(-1) and previous leader epoch was 5. (state.change.logger)
[2025-04-15 18:45:44,153] INFO [Broker id=1] Transitioning 52 partition(s) to local followers. (state.change.logger)
[2025-04-15 18:45:44,154] INFO [Broker id=1] Follower __consumer_offsets-13 starts at leader epoch 7 from offset 0 with partition epoch 7 and high watermark 0. Current leader is -1. Previous leader Some(-1) and previous leader epoch was 7. (state.change.logger)
[2025-04-15 18:45:44,154] INFO [Broker id=1] Follower __consumer_offsets-46 starts at leader epoch 7 from offset 7 with partition epoch 7 and high watermark 7. Current leader is -1. Previous leader Some(-1) and previous leader epoch was 7. (state.change.logger)
[2025-04-15 18:45:44,154] INFO [Broker id=1] Follower __consumer_offsets-9 starts at leader epoch 7 from offset 0 with partition epoch 7 and high watermark 0. Current leader is -1. Previous leader Some(-1) and previous leader epoch was 7. (state.change.logger)
[2025-04-15 18:45:44,154] INFO [Broker id=1] Follower __consumer_offsets-42 starts at leader epoch 7 from offset 0 with partition epoch 7 and high watermark 0. Current leader is -1. Previous leader Some(-1) and previous leader epoch was 7. (state.change.logger)
[2025-04-15 18:45:44,154] INFO [Broker id=1] Follower __consumer_offsets-21 starts at leader epoch 7 from offset 0 with partition epoch 7 and high watermark 0. Current leader is -1. Previous leader Some(-1) and previous leader epoch was 7. (state.change.logger)
[2025-04-15 18:45:44,154] INFO [Broker id=1] Follower __consumer_offsets-17 starts at leader epoch 7 from offset 0 with partition epoch 7 and high watermark 0. Current leader is -1. Previous leader Some(-1) and previous leader epoch was 7. (state.change.logger)
[2025-04-15 18:45:44,154] INFO [Broker id=1] Follower __consumer_offsets-30 starts at leader epoch 7 from offset 3 with partition epoch 7 and high watermark 3. Current leader is -1. Previous leader Some(-1) and previous leader epoch was 7. (state.change.logger)
[2025-04-15 18:45:44,154] INFO [Broker id=1] Follower __consumer_offsets-26 starts at leader epoch 7 from offset 3 with partition epoch 7 and high watermark 3. Current leader is -1. Previous leader Some(-1) and previous leader epoch was 7. (state.change.logger)
[2025-04-15 18:45:44,154] INFO [Broker id=1] Follower __consumer_offsets-5 starts at leader epoch 7 from offset 0 with partition epoch 7 and high watermark 0. Current leader is -1. Previous leader Some(-1) and previous leader epoch was 7. (state.change.logger)
[2025-04-15 18:45:44,154] INFO [Broker id=1] Follower __consumer_offsets-38 starts at leader epoch 7 from offset 0 with partition epoch 7 and high watermark 0. Current leader is -1. Previous leader Some(-1) and previous leader epoch was 7. (state.change.logger)
[2025-04-15 18:45:44,154] INFO [Broker id=1] Follower __consumer_offsets-1 starts at leader epoch 7 from offset 0 with partition epoch 7 and high watermark 0. Current leader is -1. Previous leader Some(-1) and previous leader epoch was 7. (state.change.logger)
[2025-04-15 18:45:44,154] INFO [Broker id=1] Follower __consumer_offsets-34 starts at leader epoch 7 from offset 3 with partition epoch 7 and high watermark 3. Current leader is -1. Previous leader Some(-1) and previous leader epoch was 7. (state.change.logger)
[2025-04-15 18:45:44,154] INFO [Broker id=1] Follower __consumer_offsets-16 starts at leader epoch 7 from offset 0 with partition epoch 7 and high watermark 0. Current leader is -1. Previous leader Some(-1) and previous leader epoch was 7. (state.change.logger)
[2025-04-15 18:45:44,154] INFO [Broker id=1] Follower __consumer_offsets-45 starts at leader epoch 7 from offset 0 with partition epoch 7 and high watermark 0. Current leader is -1. Previous leader Some(-1) and previous leader epoch was 7. (state.change.logger)
[2025-04-15 18:45:44,154] INFO [Broker id=1] Follower __consumer_offsets-12 starts at leader epoch 7 from offset 0 with partition epoch 7 and high watermark 0. Current leader is -1. Previous leader Some(-1) and previous leader epoch was 7. (state.change.logger)
[2025-04-15 18:45:44,154] INFO [Broker id=1] Follower __consumer_offsets-41 starts at leader epoch 7 from offset 0 with partition epoch 7 and high watermark 0. Current leader is -1. Previous leader Some(-1) and previous leader epoch was 7. (state.change.logger)
[2025-04-15 18:45:44,154] INFO [Broker id=1] Follower __consumer_offsets-24 starts at leader epoch 7 from offset 0 with partition epoch 7 and high watermark 0. Current leader is -1. Previous leader Some(-1) and previous leader epoch was 7. (state.change.logger)
[2025-04-15 18:45:44,154] INFO [Broker id=1] Follower __consumer_offsets-20 starts at leader epoch 7 from offset 0 with partition epoch 7 and high watermark 0. Current leader is -1. Previous leader Some(-1) and previous leader epoch was 7. (state.change.logger)
[2025-04-15 18:45:44,154] INFO [Broker id=1] Follower __consumer_offsets-49 starts at leader epoch 7 from offset 0 with partition epoch 7 and high watermark 0. Current leader is -1. Previous leader Some(-1) and previous leader epoch was 7. (state.change.logger)
[2025-04-15 18:45:44,154] INFO [Broker id=1] Follower __consumer_offsets-0 starts at leader epoch 7 from offset 6 with partition epoch 7 and high watermark 6. Current leader is -1. Previous leader Some(-1) and previous leader epoch was 7. (state.change.logger)
[2025-04-15 18:45:44,154] INFO [Broker id=1] Follower __consumer_offsets-29 starts at leader epoch 7 from offset 0 with partition epoch 7 and high watermark 0. Current leader is -1. Previous leader Some(-1) and previous leader epoch was 7. (state.change.logger)
[2025-04-15 18:45:44,154] INFO [Broker id=1] Follower __consumer_offsets-25 starts at leader epoch 7 from offset 0 with partition epoch 7 and high watermark 0. Current leader is -1. Previous leader Some(-1) and previous leader epoch was 7. (state.change.logger)
[2025-04-15 18:45:44,154] INFO [Broker id=1] Follower __consumer_offsets-8 starts at leader epoch 7 from offset 3 with partition epoch 7 and high watermark 3. Current leader is -1. Previous leader Some(-1) and previous leader epoch was 7. (state.change.logger)
[2025-04-15 18:45:44,154] INFO [Broker id=1] Follower __consumer_offsets-37 starts at leader epoch 7 from offset 0 with partition epoch 7 and high watermark 0. Current leader is -1. Previous leader Some(-1) and previous leader epoch was 7. (state.change.logger)
[2025-04-15 18:45:44,154] INFO [Broker id=1] Follower __consumer_offsets-4 starts at leader epoch 7 from offset 0 with partition epoch 7 and high watermark 0. Current leader is -1. Previous leader Some(-1) and previous leader epoch was 7. (state.change.logger)
[2025-04-15 18:45:44,154] INFO [Broker id=1] Follower __consumer_offsets-33 starts at leader epoch 7 from offset 3 with partition epoch 7 and high watermark 3. Current leader is -1. Previous leader Some(-1) and previous leader epoch was 7. (state.change.logger)
[2025-04-15 18:45:44,154] INFO [Broker id=1] Follower __consumer_offsets-15 starts at leader epoch 7 from offset 1 with partition epoch 7 and high watermark 1. Current leader is -1. Previous leader Some(-1) and previous leader epoch was 7. (state.change.logger)
[2025-04-15 18:45:44,154] INFO [Broker id=1] Follower __consumer_offsets-48 starts at leader epoch 7 from offset 0 with partition epoch 7 and high watermark 0. Current leader is -1. Previous leader Some(-1) and previous leader epoch was 7. (state.change.logger)
[2025-04-15 18:45:44,154] INFO [Broker id=1] Follower __consumer_offsets-11 starts at leader epoch 7 from offset 0 with partition epoch 7 and high watermark 0. Current leader is -1. Previous leader Some(-1) and previous leader epoch was 7. (state.change.logger)
[2025-04-15 18:45:44,154] INFO [Broker id=1] Follower __consumer_offsets-44 starts at leader epoch 7 from offset 0 with partition epoch 7 and high watermark 0. Current leader is -1. Previous leader Some(-1) and previous leader epoch was 7. (state.change.logger)
[2025-04-15 18:45:44,154] INFO [Broker id=1] Follower __consumer_offsets-23 starts at leader epoch 7 from offset 0 with partition epoch 7 and high watermark 0. Current leader is -1. Previous leader Some(-1) and previous leader epoch was 7. (state.change.logger)
[2025-04-15 18:45:44,155] INFO [Broker id=1] Follower maritime-events-0 starts at leader epoch 27 from offset 4016 with partition epoch 27 and high watermark 4016. Current leader is -1. Previous leader Some(-1) and previous leader epoch was 27. (state.change.logger)
[2025-04-15 18:45:44,155] INFO [Broker id=1] Follower __consumer_offsets-19 starts at leader epoch 7 from offset 0 with partition epoch 7 and high watermark 0. Current leader is -1. Previous leader Some(-1) and previous leader epoch was 7. (state.change.logger)
[2025-04-15 18:45:44,155] INFO [Broker id=1] Follower __consumer_offsets-32 starts at leader epoch 7 from offset 0 with partition epoch 7 and high watermark 0. Current leader is -1. Previous leader Some(-1) and previous leader epoch was 7. (state.change.logger)
[2025-04-15 18:45:44,155] INFO [Broker id=1] Follower __consumer_offsets-28 starts at leader epoch 7 from offset 0 with partition epoch 7 and high watermark 0. Current leader is -1. Previous leader Some(-1) and previous leader epoch was 7. (state.change.logger)
[2025-04-15 18:45:44,155] INFO [Broker id=1] Follower __consumer_offsets-7 starts at leader epoch 7 from offset 0 with partition epoch 7 and high watermark 0. Current leader is -1. Previous leader Some(-1) and previous leader epoch was 7. (state.change.logger)
[2025-04-15 18:45:44,155] INFO [Broker id=1] Follower __consumer_offsets-40 starts at leader epoch 7 from offset 0 with partition epoch 7 and high watermark 0. Current leader is -1. Previous leader Some(-1) and previous leader epoch was 7. (state.change.logger)
[2025-04-15 18:45:44,155] INFO [Broker id=1] Follower __consumer_offsets-3 starts at leader epoch 7 from offset 0 with partition epoch 7 and high watermark 0. Current leader is -1. Previous leader Some(-1) and previous leader epoch was 7. (state.change.logger)
[2025-04-15 18:45:44,155] INFO [Broker id=1] Follower __consumer_offsets-36 starts at leader epoch 7 from offset 0 with partition epoch 7 and high watermark 0. Current leader is -1. Previous leader Some(-1) and previous leader epoch was 7. (state.change.logger)
[2025-04-15 18:45:44,155] INFO [Broker id=1] Follower events-0 starts at leader epoch 7 from offset 0 with partition epoch 7 and high watermark 0. Current leader is -1. Previous leader Some(-1) and previous leader epoch was 7. (state.change.logger)
[2025-04-15 18:45:44,155] INFO [Broker id=1] Follower __consumer_offsets-47 starts at leader epoch 7 from offset 0 with partition epoch 7 and high watermark 0. Current leader is -1. Previous leader Some(-1) and previous leader epoch was 7. (state.change.logger)
[2025-04-15 18:45:44,155] INFO [Broker id=1] Follower __consumer_offsets-14 starts at leader epoch 7 from offset 3 with partition epoch 7 and high watermark 3. Current leader is -1. Previous leader Some(-1) and previous leader epoch was 7. (state.change.logger)
[2025-04-15 18:45:44,155] INFO [Broker id=1] Follower __consumer_offsets-43 starts at leader epoch 7 from offset 0 with partition epoch 7 and high watermark 0. Current leader is -1. Previous leader Some(-1) and previous leader epoch was 7. (state.change.logger)
[2025-04-15 18:45:44,155] INFO [Broker id=1] Follower __consumer_offsets-10 starts at leader epoch 7 from offset 0 with partition epoch 7 and high watermark 0. Current leader is -1. Previous leader Some(-1) and previous leader epoch was 7. (state.change.logger)
[2025-04-15 18:45:44,155] INFO [Broker id=1] Follower __consumer_offsets-22 starts at leader epoch 7 from offset 0 with partition epoch 7 and high watermark 0. Current leader is -1. Previous leader Some(-1) and previous leader epoch was 7. (state.change.logger)
[2025-04-15 18:45:44,155] INFO [Broker id=1] Follower __consumer_offsets-18 starts at leader epoch 7 from offset 0 with partition epoch 7 and high watermark 0. Current leader is -1. Previous leader Some(-1) and previous leader epoch was 7. (state.change.logger)
[2025-04-15 18:45:44,155] INFO [Broker id=1] Follower __consumer_offsets-31 starts at leader epoch 7 from offset 0 with partition epoch 7 and high watermark 0. Current leader is -1. Previous leader Some(-1) and previous leader epoch was 7. (state.change.logger)
[2025-04-15 18:45:44,155] INFO [Broker id=1] Follower __consumer_offsets-27 starts at leader epoch 7 from offset 2 with partition epoch 7 and high watermark 2. Current leader is -1. Previous leader Some(-1) and previous leader epoch was 7. (state.change.logger)
[2025-04-15 18:45:44,155] INFO [Broker id=1] Follower __consumer_offsets-39 starts at leader epoch 7 from offset 0 with partition epoch 7 and high watermark 0. Current leader is -1. Previous leader Some(-1) and previous leader epoch was 7. (state.change.logger)
[2025-04-15 18:45:44,155] INFO [Broker id=1] Follower __consumer_offsets-6 starts at leader epoch 7 from offset 0 with partition epoch 7 and high watermark 0. Current leader is -1. Previous leader Some(-1) and previous leader epoch was 7. (state.change.logger)
[2025-04-15 18:45:44,155] INFO [Broker id=1] Follower __consumer_offsets-35 starts at leader epoch 7 from offset 0 with partition epoch 7 and high watermark 0. Current leader is -1. Previous leader Some(-1) and previous leader epoch was 7. (state.change.logger)
[2025-04-15 18:45:44,155] INFO [Broker id=1] Follower __consumer_offsets-2 starts at leader epoch 7 from offset 3 with partition epoch 7 and high watermark 3. Current leader is -1. Previous leader Some(-1) and previous leader epoch was 7. (state.change.logger)
[2025-04-15 18:45:44,161] INFO [Broker id=1] Stopped fetchers as part of controlled shutdown for 52 partitions (state.change.logger)
[2025-04-15 18:45:54,629] INFO [Broker id=1] Transitioning 52 partition(s) to local followers. (state.change.logger)
[2025-04-15 18:45:54,630] INFO [Broker id=1] Creating new partition __consumer_offsets-13 with topic id 0E0i0vggRqqKJ83Djes_4w. (state.change.logger)
[2025-04-15 18:45:54,649] INFO [Broker id=1] Follower __consumer_offsets-13 starts at leader epoch 7 from offset 0 with partition epoch 7 and high watermark 0. Current leader is -1. Previous leader Some(-1) and previous leader epoch was 7. (state.change.logger)
[2025-04-15 18:45:54,649] INFO [Broker id=1] Creating new partition __consumer_offsets-46 with topic id 0E0i0vggRqqKJ83Djes_4w. (state.change.logger)
[2025-04-15 18:45:54,649] INFO [Broker id=1] Follower __consumer_offsets-46 starts at leader epoch 7 from offset 7 with partition epoch 7 and high watermark 7. Current leader is -1. Previous leader Some(-1) and previous leader epoch was 7. (state.change.logger)
[2025-04-15 18:45:54,649] INFO [Broker id=1] Creating new partition __consumer_offsets-9 with topic id 0E0i0vggRqqKJ83Djes_4w. (state.change.logger)
[2025-04-15 18:45:54,651] INFO [Broker id=1] Follower __consumer_offsets-9 starts at leader epoch 7 from offset 0 with partition epoch 7 and high watermark 0. Current leader is -1. Previous leader Some(-1) and previous leader epoch was 7. (state.change.logger)
[2025-04-15 18:45:54,651] INFO [Broker id=1] Creating new partition __consumer_offsets-42 with topic id 0E0i0vggRqqKJ83Djes_4w. (state.change.logger)
[2025-04-15 18:45:54,651] INFO [Broker id=1] Follower __consumer_offsets-42 starts at leader epoch 7 from offset 0 with partition epoch 7 and high watermark 0. Current leader is -1. Previous leader Some(-1) and previous leader epoch was 7. (state.change.logger)
[2025-04-15 18:45:54,651] INFO [Broker id=1] Creating new partition __consumer_offsets-21 with topic id 0E0i0vggRqqKJ83Djes_4w. (state.change.logger)
[2025-04-15 18:45:54,651] INFO [Broker id=1] Follower __consumer_offsets-21 starts at leader epoch 7 from offset 0 with partition epoch 7 and high watermark 0. Current leader is -1. Previous leader Some(-1) and previous leader epoch was 7. (state.change.logger)
[2025-04-15 18:45:54,651] INFO [Broker id=1] Creating new partition __consumer_offsets-17 with topic id 0E0i0vggRqqKJ83Djes_4w. (state.change.logger)
[2025-04-15 18:45:54,651] INFO [Broker id=1] Follower __consumer_offsets-17 starts at leader epoch 7 from offset 0 with partition epoch 7 and high watermark 0. Current leader is -1. Previous leader Some(-1) and previous leader epoch was 7. (state.change.logger)
[2025-04-15 18:45:54,651] INFO [Broker id=1] Creating new partition __consumer_offsets-30 with topic id 0E0i0vggRqqKJ83Djes_4w. (state.change.logger)
[2025-04-15 18:45:54,652] INFO [Broker id=1] Follower __consumer_offsets-30 starts at leader epoch 7 from offset 3 with partition epoch 7 and high watermark 3. Current leader is -1. Previous leader Some(-1) and previous leader epoch was 7. (state.change.logger)
[2025-04-15 18:45:54,652] INFO [Broker id=1] Creating new partition __consumer_offsets-26 with topic id 0E0i0vggRqqKJ83Djes_4w. (state.change.logger)
[2025-04-15 18:45:54,652] INFO [Broker id=1] Follower __consumer_offsets-26 starts at leader epoch 7 from offset 3 with partition epoch 7 and high watermark 3. Current leader is -1. Previous leader Some(-1) and previous leader epoch was 7. (state.change.logger)
[2025-04-15 18:45:54,652] INFO [Broker id=1] Creating new partition __consumer_offsets-5 with topic id 0E0i0vggRqqKJ83Djes_4w. (state.change.logger)
[2025-04-15 18:45:54,652] INFO [Broker id=1] Follower __consumer_offsets-5 starts at leader epoch 7 from offset 0 with partition epoch 7 and high watermark 0. Current leader is -1. Previous leader Some(-1) and previous leader epoch was 7. (state.change.logger)
[2025-04-15 18:45:54,652] INFO [Broker id=1] Creating new partition __consumer_offsets-38 with topic id 0E0i0vggRqqKJ83Djes_4w. (state.change.logger)
[2025-04-15 18:45:54,652] INFO [Broker id=1] Follower __consumer_offsets-38 starts at leader epoch 7 from offset 0 with partition epoch 7 and high watermark 0. Current leader is -1. Previous leader Some(-1) and previous leader epoch was 7. (state.change.logger)
[2025-04-15 18:45:54,652] INFO [Broker id=1] Creating new partition __consumer_offsets-1 with topic id 0E0i0vggRqqKJ83Djes_4w. (state.change.logger)
[2025-04-15 18:45:54,653] INFO [Broker id=1] Follower __consumer_offsets-1 starts at leader epoch 7 from offset 0 with partition epoch 7 and high watermark 0. Current leader is -1. Previous leader Some(-1) and previous leader epoch was 7. (state.change.logger)
[2025-04-15 18:45:54,653] INFO [Broker id=1] Creating new partition __consumer_offsets-34 with topic id 0E0i0vggRqqKJ83Djes_4w. (state.change.logger)
[2025-04-15 18:45:54,653] INFO [Broker id=1] Follower __consumer_offsets-34 starts at leader epoch 7 from offset 3 with partition epoch 7 and high watermark 3. Current leader is -1. Previous leader Some(-1) and previous leader epoch was 7. (state.change.logger)
[2025-04-15 18:45:54,653] INFO [Broker id=1] Creating new partition __consumer_offsets-16 with topic id 0E0i0vggRqqKJ83Djes_4w. (state.change.logger)
[2025-04-15 18:45:54,653] INFO [Broker id=1] Follower __consumer_offsets-16 starts at leader epoch 7 from offset 0 with partition epoch 7 and high watermark 0. Current leader is -1. Previous leader Some(-1) and previous leader epoch was 7. (state.change.logger)
[2025-04-15 18:45:54,653] INFO [Broker id=1] Creating new partition __consumer_offsets-45 with topic id 0E0i0vggRqqKJ83Djes_4w. (state.change.logger)
[2025-04-15 18:45:54,653] INFO [Broker id=1] Follower __consumer_offsets-45 starts at leader epoch 7 from offset 0 with partition epoch 7 and high watermark 0. Current leader is -1. Previous leader Some(-1) and previous leader epoch was 7. (state.change.logger)
[2025-04-15 18:45:54,654] INFO [Broker id=1] Creating new partition __consumer_offsets-12 with topic id 0E0i0vggRqqKJ83Djes_4w. (state.change.logger)
[2025-04-15 18:45:54,654] INFO [Broker id=1] Follower __consumer_offsets-12 starts at leader epoch 7 from offset 0 with partition epoch 7 and high watermark 0. Current leader is -1. Previous leader Some(-1) and previous leader epoch was 7. (state.change.logger)
[2025-04-15 18:45:54,654] INFO [Broker id=1] Creating new partition __consumer_offsets-41 with topic id 0E0i0vggRqqKJ83Djes_4w. (state.change.logger)
[2025-04-15 18:45:54,654] INFO [Broker id=1] Follower __consumer_offsets-41 starts at leader epoch 7 from offset 0 with partition epoch 7 and high watermark 0. Current leader is -1. Previous leader Some(-1) and previous leader epoch was 7. (state.change.logger)
[2025-04-15 18:45:54,654] INFO [Broker id=1] Creating new partition __consumer_offsets-24 with topic id 0E0i0vggRqqKJ83Djes_4w. (state.change.logger)
[2025-04-15 18:45:54,654] INFO [Broker id=1] Follower __consumer_offsets-24 starts at leader epoch 7 from offset 0 with partition epoch 7 and high watermark 0. Current leader is -1. Previous leader Some(-1) and previous leader epoch was 7. (state.change.logger)
[2025-04-15 18:45:54,654] INFO [Broker id=1] Creating new partition __consumer_offsets-20 with topic id 0E0i0vggRqqKJ83Djes_4w. (state.change.logger)
[2025-04-15 18:45:54,654] INFO [Broker id=1] Follower __consumer_offsets-20 starts at leader epoch 7 from offset 0 with partition epoch 7 and high watermark 0. Current leader is -1. Previous leader Some(-1) and previous leader epoch was 7. (state.change.logger)
[2025-04-15 18:45:54,654] INFO [Broker id=1] Creating new partition __consumer_offsets-49 with topic id 0E0i0vggRqqKJ83Djes_4w. (state.change.logger)
[2025-04-15 18:45:54,656] INFO [Broker id=1] Follower __consumer_offsets-49 starts at leader epoch 7 from offset 0 with partition epoch 7 and high watermark 0. Current leader is -1. Previous leader Some(-1) and previous leader epoch was 7. (state.change.logger)
[2025-04-15 18:45:54,656] INFO [Broker id=1] Creating new partition __consumer_offsets-0 with topic id 0E0i0vggRqqKJ83Djes_4w. (state.change.logger)
[2025-04-15 18:45:54,656] INFO [Broker id=1] Follower __consumer_offsets-0 starts at leader epoch 7 from offset 6 with partition epoch 7 and high watermark 6. Current leader is -1. Previous leader Some(-1) and previous leader epoch was 7. (state.change.logger)
[2025-04-15 18:45:54,656] INFO [Broker id=1] Creating new partition __consumer_offsets-29 with topic id 0E0i0vggRqqKJ83Djes_4w. (state.change.logger)
[2025-04-15 18:45:54,656] INFO [Broker id=1] Follower __consumer_offsets-29 starts at leader epoch 7 from offset 0 with partition epoch 7 and high watermark 0. Current leader is -1. Previous leader Some(-1) and previous leader epoch was 7. (state.change.logger)
[2025-04-15 18:45:54,656] INFO [Broker id=1] Creating new partition __consumer_offsets-25 with topic id 0E0i0vggRqqKJ83Djes_4w. (state.change.logger)
[2025-04-15 18:45:54,657] INFO [Broker id=1] Follower __consumer_offsets-25 starts at leader epoch 7 from offset 0 with partition epoch 7 and high watermark 0. Current leader is -1. Previous leader Some(-1) and previous leader epoch was 7. (state.change.logger)
[2025-04-15 18:45:54,657] INFO [Broker id=1] Creating new partition __consumer_offsets-8 with topic id 0E0i0vggRqqKJ83Djes_4w. (state.change.logger)
[2025-04-15 18:45:54,657] INFO [Broker id=1] Follower __consumer_offsets-8 starts at leader epoch 7 from offset 3 with partition epoch 7 and high watermark 3. Current leader is -1. Previous leader Some(-1) and previous leader epoch was 7. (state.change.logger)
[2025-04-15 18:45:54,657] INFO [Broker id=1] Creating new partition __consumer_offsets-37 with topic id 0E0i0vggRqqKJ83Djes_4w. (state.change.logger)
[2025-04-15 18:45:54,657] INFO [Broker id=1] Follower __consumer_offsets-37 starts at leader epoch 7 from offset 0 with partition epoch 7 and high watermark 0. Current leader is -1. Previous leader Some(-1) and previous leader epoch was 7. (state.change.logger)
[2025-04-15 18:45:54,657] INFO [Broker id=1] Creating new partition __consumer_offsets-4 with topic id 0E0i0vggRqqKJ83Djes_4w. (state.change.logger)
[2025-04-15 18:45:54,657] INFO [Broker id=1] Follower __consumer_offsets-4 starts at leader epoch 7 from offset 0 with partition epoch 7 and high watermark 0. Current leader is -1. Previous leader Some(-1) and previous leader epoch was 7. (state.change.logger)
[2025-04-15 18:45:54,657] INFO [Broker id=1] Creating new partition __consumer_offsets-33 with topic id 0E0i0vggRqqKJ83Djes_4w. (state.change.logger)
[2025-04-15 18:45:54,658] INFO [Broker id=1] Follower __consumer_offsets-33 starts at leader epoch 7 from offset 3 with partition epoch 7 and high watermark 3. Current leader is -1. Previous leader Some(-1) and previous leader epoch was 7. (state.change.logger)
[2025-04-15 18:45:54,658] INFO [Broker id=1] Creating new partition __consumer_offsets-15 with topic id 0E0i0vggRqqKJ83Djes_4w. (state.change.logger)
[2025-04-15 18:45:54,658] INFO [Broker id=1] Follower __consumer_offsets-15 starts at leader epoch 7 from offset 1 with partition epoch 7 and high watermark 1. Current leader is -1. Previous leader Some(-1) and previous leader epoch was 7. (state.change.logger)
[2025-04-15 18:45:54,658] INFO [Broker id=1] Creating new partition __consumer_offsets-48 with topic id 0E0i0vggRqqKJ83Djes_4w. (state.change.logger)
[2025-04-15 18:45:54,658] INFO [Broker id=1] Follower __consumer_offsets-48 starts at leader epoch 7 from offset 0 with partition epoch 7 and high watermark 0. Current leader is -1. Previous leader Some(-1) and previous leader epoch was 7. (state.change.logger)
[2025-04-15 18:45:54,658] INFO [Broker id=1] Creating new partition __consumer_offsets-11 with topic id 0E0i0vggRqqKJ83Djes_4w. (state.change.logger)
[2025-04-15 18:45:54,658] INFO [Broker id=1] Follower __consumer_offsets-11 starts at leader epoch 7 from offset 0 with partition epoch 7 and high watermark 0. Current leader is -1. Previous leader Some(-1) and previous leader epoch was 7. (state.change.logger)
[2025-04-15 18:45:54,658] INFO [Broker id=1] Creating new partition __consumer_offsets-44 with topic id 0E0i0vggRqqKJ83Djes_4w. (state.change.logger)
[2025-04-15 18:45:54,659] INFO [Broker id=1] Follower __consumer_offsets-44 starts at leader epoch 7 from offset 0 with partition epoch 7 and high watermark 0. Current leader is -1. Previous leader Some(-1) and previous leader epoch was 7. (state.change.logger)
[2025-04-15 18:45:54,659] INFO [Broker id=1] Creating new partition __consumer_offsets-23 with topic id 0E0i0vggRqqKJ83Djes_4w. (state.change.logger)
[2025-04-15 18:45:54,659] INFO [Broker id=1] Follower __consumer_offsets-23 starts at leader epoch 7 from offset 0 with partition epoch 7 and high watermark 0. Current leader is -1. Previous leader Some(-1) and previous leader epoch was 7. (state.change.logger)
[2025-04-15 18:45:54,659] INFO [Broker id=1] Creating new partition maritime-events-0 with topic id mqx2fuLrTACCzLY9fN-X1w. (state.change.logger)
[2025-04-15 18:45:54,659] INFO [Broker id=1] Follower maritime-events-0 starts at leader epoch 27 from offset 4016 with partition epoch 27 and high watermark 4016. Current leader is -1. Previous leader Some(-1) and previous leader epoch was 27. (state.change.logger)
[2025-04-15 18:45:54,659] INFO [Broker id=1] Creating new partition __consumer_offsets-19 with topic id 0E0i0vggRqqKJ83Djes_4w. (state.change.logger)
[2025-04-15 18:45:54,659] INFO [Broker id=1] Follower __consumer_offsets-19 starts at leader epoch 7 from offset 0 with partition epoch 7 and high watermark 0. Current leader is -1. Previous leader Some(-1) and previous leader epoch was 7. (state.change.logger)
[2025-04-15 18:45:54,659] INFO [Broker id=1] Creating new partition __consumer_offsets-32 with topic id 0E0i0vggRqqKJ83Djes_4w. (state.change.logger)
[2025-04-15 18:45:54,661] INFO [Broker id=1] Follower __consumer_offsets-32 starts at leader epoch 7 from offset 0 with partition epoch 7 and high watermark 0. Current leader is -1. Previous leader Some(-1) and previous leader epoch was 7. (state.change.logger)
[2025-04-15 18:45:54,661] INFO [Broker id=1] Creating new partition __consumer_offsets-28 with topic id 0E0i0vggRqqKJ83Djes_4w. (state.change.logger)
[2025-04-15 18:45:54,661] INFO [Broker id=1] Follower __consumer_offsets-28 starts at leader epoch 7 from offset 0 with partition epoch 7 and high watermark 0. Current leader is -1. Previous leader Some(-1) and previous leader epoch was 7. (state.change.logger)
[2025-04-15 18:45:54,661] INFO [Broker id=1] Creating new partition __consumer_offsets-7 with topic id 0E0i0vggRqqKJ83Djes_4w. (state.change.logger)
[2025-04-15 18:45:54,661] INFO [Broker id=1] Follower __consumer_offsets-7 starts at leader epoch 7 from offset 0 with partition epoch 7 and high watermark 0. Current leader is -1. Previous leader Some(-1) and previous leader epoch was 7. (state.change.logger)
[2025-04-15 18:45:54,661] INFO [Broker id=1] Creating new partition __consumer_offsets-40 with topic id 0E0i0vggRqqKJ83Djes_4w. (state.change.logger)
[2025-04-15 18:45:54,662] INFO [Broker id=1] Follower __consumer_offsets-40 starts at leader epoch 7 from offset 0 with partition epoch 7 and high watermark 0. Current leader is -1. Previous leader Some(-1) and previous leader epoch was 7. (state.change.logger)
[2025-04-15 18:45:54,662] INFO [Broker id=1] Creating new partition __consumer_offsets-3 with topic id 0E0i0vggRqqKJ83Djes_4w. (state.change.logger)
[2025-04-15 18:45:54,662] INFO [Broker id=1] Follower __consumer_offsets-3 starts at leader epoch 7 from offset 0 with partition epoch 7 and high watermark 0. Current leader is -1. Previous leader Some(-1) and previous leader epoch was 7. (state.change.logger)
[2025-04-15 18:45:54,662] INFO [Broker id=1] Creating new partition __consumer_offsets-36 with topic id 0E0i0vggRqqKJ83Djes_4w. (state.change.logger)
[2025-04-15 18:45:54,662] INFO [Broker id=1] Follower __consumer_offsets-36 starts at leader epoch 7 from offset 0 with partition epoch 7 and high watermark 0. Current leader is -1. Previous leader Some(-1) and previous leader epoch was 7. (state.change.logger)
[2025-04-15 18:45:54,662] INFO [Broker id=1] Creating new partition events-0 with topic id 7u5ICkcQT3y8Gwrto0k1yA. (state.change.logger)
[2025-04-15 18:45:54,663] INFO [Broker id=1] Follower events-0 starts at leader epoch 7 from offset 0 with partition epoch 7 and high watermark 0. Current leader is -1. Previous leader Some(-1) and previous leader epoch was 7. (state.change.logger)
[2025-04-15 18:45:54,663] INFO [Broker id=1] Creating new partition __consumer_offsets-47 with topic id 0E0i0vggRqqKJ83Djes_4w. (state.change.logger)
[2025-04-15 18:45:54,663] INFO [Broker id=1] Follower __consumer_offsets-47 starts at leader epoch 7 from offset 0 with partition epoch 7 and high watermark 0. Current leader is -1. Previous leader Some(-1) and previous leader epoch was 7. (state.change.logger)
[2025-04-15 18:45:54,663] INFO [Broker id=1] Creating new partition __consumer_offsets-14 with topic id 0E0i0vggRqqKJ83Djes_4w. (state.change.logger)
[2025-04-15 18:45:54,663] INFO [Broker id=1] Follower __consumer_offsets-14 starts at leader epoch 7 from offset 3 with partition epoch 7 and high watermark 3. Current leader is -1. Previous leader Some(-1) and previous leader epoch was 7. (state.change.logger)
[2025-04-15 18:45:54,663] INFO [Broker id=1] Creating new partition __consumer_offsets-43 with topic id 0E0i0vggRqqKJ83Djes_4w. (state.change.logger)
[2025-04-15 18:45:54,663] INFO [Broker id=1] Follower __consumer_offsets-43 starts at leader epoch 7 from offset 0 with partition epoch 7 and high watermark 0. Current leader is -1. Previous leader Some(-1) and previous leader epoch was 7. (state.change.logger)
[2025-04-15 18:45:54,663] INFO [Broker id=1] Creating new partition __consumer_offsets-10 with topic id 0E0i0vggRqqKJ83Djes_4w. (state.change.logger)
[2025-04-15 18:45:54,664] INFO [Broker id=1] Follower __consumer_offsets-10 starts at leader epoch 7 from offset 0 with partition epoch 7 and high watermark 0. Current leader is -1. Previous leader Some(-1) and previous leader epoch was 7. (state.change.logger)
[2025-04-15 18:45:54,664] INFO [Broker id=1] Creating new partition __consumer_offsets-22 with topic id 0E0i0vggRqqKJ83Djes_4w. (state.change.logger)
[2025-04-15 18:45:54,664] INFO [Broker id=1] Follower __consumer_offsets-22 starts at leader epoch 7 from offset 0 with partition epoch 7 and high watermark 0. Current leader is -1. Previous leader Some(-1) and previous leader epoch was 7. (state.change.logger)
[2025-04-15 18:45:54,664] INFO [Broker id=1] Creating new partition __consumer_offsets-18 with topic id 0E0i0vggRqqKJ83Djes_4w. (state.change.logger)
[2025-04-15 18:45:54,664] INFO [Broker id=1] Follower __consumer_offsets-18 starts at leader epoch 7 from offset 0 with partition epoch 7 and high watermark 0. Current leader is -1. Previous leader Some(-1) and previous leader epoch was 7. (state.change.logger)
[2025-04-15 18:45:54,664] INFO [Broker id=1] Creating new partition __consumer_offsets-31 with topic id 0E0i0vggRqqKJ83Djes_4w. (state.change.logger)
[2025-04-15 18:45:54,665] INFO [Broker id=1] Follower __consumer_offsets-31 starts at leader epoch 7 from offset 0 with partition epoch 7 and high watermark 0. Current leader is -1. Previous leader Some(-1) and previous leader epoch was 7. (state.change.logger)
[2025-04-15 18:45:54,665] INFO [Broker id=1] Creating new partition __consumer_offsets-27 with topic id 0E0i0vggRqqKJ83Djes_4w. (state.change.logger)
[2025-04-15 18:45:54,665] INFO [Broker id=1] Follower __consumer_offsets-27 starts at leader epoch 7 from offset 2 with partition epoch 7 and high watermark 2. Current leader is -1. Previous leader Some(-1) and previous leader epoch was 7. (state.change.logger)
[2025-04-15 18:45:54,665] INFO [Broker id=1] Creating new partition __consumer_offsets-39 with topic id 0E0i0vggRqqKJ83Djes_4w. (state.change.logger)
[2025-04-15 18:45:54,665] INFO [Broker id=1] Follower __consumer_offsets-39 starts at leader epoch 7 from offset 0 with partition epoch 7 and high watermark 0. Current leader is -1. Previous leader Some(-1) and previous leader epoch was 7. (state.change.logger)
[2025-04-15 18:45:54,665] INFO [Broker id=1] Creating new partition __consumer_offsets-6 with topic id 0E0i0vggRqqKJ83Djes_4w. (state.change.logger)
[2025-04-15 18:45:54,666] INFO [Broker id=1] Follower __consumer_offsets-6 starts at leader epoch 7 from offset 0 with partition epoch 7 and high watermark 0. Current leader is -1. Previous leader Some(-1) and previous leader epoch was 7. (state.change.logger)
[2025-04-15 18:45:54,666] INFO [Broker id=1] Creating new partition __consumer_offsets-35 with topic id 0E0i0vggRqqKJ83Djes_4w. (state.change.logger)
[2025-04-15 18:45:54,666] INFO [Broker id=1] Follower __consumer_offsets-35 starts at leader epoch 7 from offset 0 with partition epoch 7 and high watermark 0. Current leader is -1. Previous leader Some(-1) and previous leader epoch was 7. (state.change.logger)
[2025-04-15 18:45:54,666] INFO [Broker id=1] Creating new partition __consumer_offsets-2 with topic id 0E0i0vggRqqKJ83Djes_4w. (state.change.logger)
[2025-04-15 18:45:54,666] INFO [Broker id=1] Follower __consumer_offsets-2 starts at leader epoch 7 from offset 3 with partition epoch 7 and high watermark 3. Current leader is -1. Previous leader Some(-1) and previous leader epoch was 7. (state.change.logger)
[2025-04-15 18:45:54,668] INFO [Broker id=1] Stopped fetchers as part of become-follower for 52 partitions (state.change.logger)
[2025-04-15 18:45:54,670] INFO [Broker id=1] Started fetchers as part of become-follower for 52 partitions (state.change.logger)
[2025-04-15 18:45:54,746] INFO [Broker id=1] Transitioning 52 partition(s) to local leaders. (state.change.logger)
[2025-04-15 18:45:54,751] INFO [Broker id=1] Leader __consumer_offsets-13 with topic id Some(0E0i0vggRqqKJ83Djes_4w) starts at leader epoch 8 from offset 0 with partition epoch 8, high watermark 0, ISR [1], adding replicas [] and removing replicas [] . Previous leader Some(-1) and previous leader epoch was 7. (state.change.logger)
[2025-04-15 18:45:54,754] INFO [Broker id=1] Leader __consumer_offsets-46 with topic id Some(0E0i0vggRqqKJ83Djes_4w) starts at leader epoch 8 from offset 7 with partition epoch 8, high watermark 7, ISR [1], adding replicas [] and removing replicas [] . Previous leader Some(-1) and previous leader epoch was 7. (state.change.logger)
[2025-04-15 18:45:54,757] INFO [Broker id=1] Leader __consumer_offsets-9 with topic id Some(0E0i0vggRqqKJ83Djes_4w) starts at leader epoch 8 from offset 0 with partition epoch 8, high watermark 0, ISR [1], adding replicas [] and removing replicas [] . Previous leader Some(-1) and previous leader epoch was 7. (state.change.logger)
[2025-04-15 18:45:54,759] INFO [Broker id=1] Leader __consumer_offsets-42 with topic id Some(0E0i0vggRqqKJ83Djes_4w) starts at leader epoch 8 from offset 0 with partition epoch 8, high watermark 0, ISR [1], adding replicas [] and removing replicas [] . Previous leader Some(-1) and previous leader epoch was 7. (state.change.logger)
[2025-04-15 18:45:54,761] INFO [Broker id=1] Leader __consumer_offsets-21 with topic id Some(0E0i0vggRqqKJ83Djes_4w) starts at leader epoch 8 from offset 0 with partition epoch 8, high watermark 0, ISR [1], adding replicas [] and removing replicas [] . Previous leader Some(-1) and previous leader epoch was 7. (state.change.logger)
[2025-04-15 18:45:54,764] INFO [Broker id=1] Leader __consumer_offsets-17 with topic id Some(0E0i0vggRqqKJ83Djes_4w) starts at leader epoch 8 from offset 0 with partition epoch 8, high watermark 0, ISR [1], adding replicas [] and removing replicas [] . Previous leader Some(-1) and previous leader epoch was 7. (state.change.logger)
[2025-04-15 18:45:54,766] INFO [Broker id=1] Leader __consumer_offsets-30 with topic id Some(0E0i0vggRqqKJ83Djes_4w) starts at leader epoch 8 from offset 3 with partition epoch 8, high watermark 3, ISR [1], adding replicas [] and removing replicas [] . Previous leader Some(-1) and previous leader epoch was 7. (state.change.logger)
[2025-04-15 18:45:54,769] INFO [Broker id=1] Leader __consumer_offsets-26 with topic id Some(0E0i0vggRqqKJ83Djes_4w) starts at leader epoch 8 from offset 3 with partition epoch 8, high watermark 3, ISR [1], adding replicas [] and removing replicas [] . Previous leader Some(-1) and previous leader epoch was 7. (state.change.logger)
[2025-04-15 18:45:54,771] INFO [Broker id=1] Leader __consumer_offsets-5 with topic id Some(0E0i0vggRqqKJ83Djes_4w) starts at leader epoch 8 from offset 0 with partition epoch 8, high watermark 0, ISR [1], adding replicas [] and removing replicas [] . Previous leader Some(-1) and previous leader epoch was 7. (state.change.logger)
[2025-04-15 18:45:54,773] INFO [Broker id=1] Leader __consumer_offsets-38 with topic id Some(0E0i0vggRqqKJ83Djes_4w) starts at leader epoch 8 from offset 0 with partition epoch 8, high watermark 0, ISR [1], adding replicas [] and removing replicas [] . Previous leader Some(-1) and previous leader epoch was 7. (state.change.logger)
[2025-04-15 18:45:54,776] INFO [Broker id=1] Leader __consumer_offsets-1 with topic id Some(0E0i0vggRqqKJ83Djes_4w) starts at leader epoch 8 from offset 0 with partition epoch 8, high watermark 0, ISR [1], adding replicas [] and removing replicas [] . Previous leader Some(-1) and previous leader epoch was 7. (state.change.logger)
[2025-04-15 18:45:54,778] INFO [Broker id=1] Leader __consumer_offsets-34 with topic id Some(0E0i0vggRqqKJ83Djes_4w) starts at leader epoch 8 from offset 3 with partition epoch 8, high watermark 3, ISR [1], adding replicas [] and removing replicas [] . Previous leader Some(-1) and previous leader epoch was 7. (state.change.logger)
[2025-04-15 18:45:54,780] INFO [Broker id=1] Leader __consumer_offsets-16 with topic id Some(0E0i0vggRqqKJ83Djes_4w) starts at leader epoch 8 from offset 0 with partition epoch 8, high watermark 0, ISR [1], adding replicas [] and removing replicas [] . Previous leader Some(-1) and previous leader epoch was 7. (state.change.logger)
[2025-04-15 18:45:54,782] INFO [Broker id=1] Leader __consumer_offsets-45 with topic id Some(0E0i0vggRqqKJ83Djes_4w) starts at leader epoch 8 from offset 0 with partition epoch 8, high watermark 0, ISR [1], adding replicas [] and removing replicas [] . Previous leader Some(-1) and previous leader epoch was 7. (state.change.logger)
[2025-04-15 18:45:54,784] INFO [Broker id=1] Leader __consumer_offsets-12 with topic id Some(0E0i0vggRqqKJ83Djes_4w) starts at leader epoch 8 from offset 0 with partition epoch 8, high watermark 0, ISR [1], adding replicas [] and removing replicas [] . Previous leader Some(-1) and previous leader epoch was 7. (state.change.logger)
[2025-04-15 18:45:54,787] INFO [Broker id=1] Leader __consumer_offsets-41 with topic id Some(0E0i0vggRqqKJ83Djes_4w) starts at leader epoch 8 from offset 0 with partition epoch 8, high watermark 0, ISR [1], adding replicas [] and removing replicas [] . Previous leader Some(-1) and previous leader epoch was 7. (state.change.logger)
[2025-04-15 18:45:54,789] INFO [Broker id=1] Leader __consumer_offsets-24 with topic id Some(0E0i0vggRqqKJ83Djes_4w) starts at leader epoch 8 from offset 0 with partition epoch 8, high watermark 0, ISR [1], adding replicas [] and removing replicas [] . Previous leader Some(-1) and previous leader epoch was 7. (state.change.logger)
[2025-04-15 18:45:54,791] INFO [Broker id=1] Leader __consumer_offsets-20 with topic id Some(0E0i0vggRqqKJ83Djes_4w) starts at leader epoch 8 from offset 0 with partition epoch 8, high watermark 0, ISR [1], adding replicas [] and removing replicas [] . Previous leader Some(-1) and previous leader epoch was 7. (state.change.logger)
[2025-04-15 18:45:54,792] INFO [Broker id=1] Leader __consumer_offsets-49 with topic id Some(0E0i0vggRqqKJ83Djes_4w) starts at leader epoch 8 from offset 0 with partition epoch 8, high watermark 0, ISR [1], adding replicas [] and removing replicas [] . Previous leader Some(-1) and previous leader epoch was 7. (state.change.logger)
[2025-04-15 18:45:54,796] INFO [Broker id=1] Leader __consumer_offsets-0 with topic id Some(0E0i0vggRqqKJ83Djes_4w) starts at leader epoch 8 from offset 6 with partition epoch 8, high watermark 6, ISR [1], adding replicas [] and removing replicas [] . Previous leader Some(-1) and previous leader epoch was 7. (state.change.logger)
[2025-04-15 18:45:54,798] INFO [Broker id=1] Leader __consumer_offsets-29 with topic id Some(0E0i0vggRqqKJ83Djes_4w) starts at leader epoch 8 from offset 0 with partition epoch 8, high watermark 0, ISR [1], adding replicas [] and removing replicas [] . Previous leader Some(-1) and previous leader epoch was 7. (state.change.logger)
[2025-04-15 18:45:54,800] INFO [Broker id=1] Leader __consumer_offsets-25 with topic id Some(0E0i0vggRqqKJ83Djes_4w) starts at leader epoch 8 from offset 0 with partition epoch 8, high watermark 0, ISR [1], adding replicas [] and removing replicas [] . Previous leader Some(-1) and previous leader epoch was 7. (state.change.logger)
[2025-04-15 18:45:54,802] INFO [Broker id=1] Leader __consumer_offsets-8 with topic id Some(0E0i0vggRqqKJ83Djes_4w) starts at leader epoch 8 from offset 3 with partition epoch 8, high watermark 3, ISR [1], adding replicas [] and removing replicas [] . Previous leader Some(-1) and previous leader epoch was 7. (state.change.logger)
[2025-04-15 18:45:54,804] INFO [Broker id=1] Leader __consumer_offsets-37 with topic id Some(0E0i0vggRqqKJ83Djes_4w) starts at leader epoch 8 from offset 0 with partition epoch 8, high watermark 0, ISR [1], adding replicas [] and removing replicas [] . Previous leader Some(-1) and previous leader epoch was 7. (state.change.logger)
[2025-04-15 18:45:54,806] INFO [Broker id=1] Leader __consumer_offsets-4 with topic id Some(0E0i0vggRqqKJ83Djes_4w) starts at leader epoch 8 from offset 0 with partition epoch 8, high watermark 0, ISR [1], adding replicas [] and removing replicas [] . Previous leader Some(-1) and previous leader epoch was 7. (state.change.logger)
[2025-04-15 18:45:54,808] INFO [Broker id=1] Leader __consumer_offsets-33 with topic id Some(0E0i0vggRqqKJ83Djes_4w) starts at leader epoch 8 from offset 3 with partition epoch 8, high watermark 3, ISR [1], adding replicas [] and removing replicas [] . Previous leader Some(-1) and previous leader epoch was 7. (state.change.logger)
[2025-04-15 18:45:54,811] INFO [Broker id=1] Leader __consumer_offsets-15 with topic id Some(0E0i0vggRqqKJ83Djes_4w) starts at leader epoch 8 from offset 1 with partition epoch 8, high watermark 1, ISR [1], adding replicas [] and removing replicas [] . Previous leader Some(-1) and previous leader epoch was 7. (state.change.logger)
[2025-04-15 18:45:54,813] INFO [Broker id=1] Leader __consumer_offsets-48 with topic id Some(0E0i0vggRqqKJ83Djes_4w) starts at leader epoch 8 from offset 0 with partition epoch 8, high watermark 0, ISR [1], adding replicas [] and removing replicas [] . Previous leader Some(-1) and previous leader epoch was 7. (state.change.logger)
[2025-04-15 18:45:54,816] INFO [Broker id=1] Leader __consumer_offsets-11 with topic id Some(0E0i0vggRqqKJ83Djes_4w) starts at leader epoch 8 from offset 0 with partition epoch 8, high watermark 0, ISR [1], adding replicas [] and removing replicas [] . Previous leader Some(-1) and previous leader epoch was 7. (state.change.logger)
[2025-04-15 18:45:54,818] INFO [Broker id=1] Leader __consumer_offsets-44 with topic id Some(0E0i0vggRqqKJ83Djes_4w) starts at leader epoch 8 from offset 0 with partition epoch 8, high watermark 0, ISR [1], adding replicas [] and removing replicas [] . Previous leader Some(-1) and previous leader epoch was 7. (state.change.logger)
[2025-04-15 18:45:54,821] INFO [Broker id=1] Leader __consumer_offsets-23 with topic id Some(0E0i0vggRqqKJ83Djes_4w) starts at leader epoch 8 from offset 0 with partition epoch 8, high watermark 0, ISR [1], adding replicas [] and removing replicas [] . Previous leader Some(-1) and previous leader epoch was 7. (state.change.logger)
[2025-04-15 18:45:54,823] INFO [Broker id=1] Leader maritime-events-0 with topic id Some(mqx2fuLrTACCzLY9fN-X1w) starts at leader epoch 28 from offset 4016 with partition epoch 28, high watermark 4016, ISR [1], adding replicas [] and removing replicas [] . Previous leader Some(-1) and previous leader epoch was 27. (state.change.logger)
[2025-04-15 18:45:54,827] INFO [Broker id=1] Leader __consumer_offsets-19 with topic id Some(0E0i0vggRqqKJ83Djes_4w) starts at leader epoch 8 from offset 0 with partition epoch 8, high watermark 0, ISR [1], adding replicas [] and removing replicas [] . Previous leader Some(-1) and previous leader epoch was 7. (state.change.logger)
[2025-04-15 18:45:54,830] INFO [Broker id=1] Leader __consumer_offsets-32 with topic id Some(0E0i0vggRqqKJ83Djes_4w) starts at leader epoch 8 from offset 0 with partition epoch 8, high watermark 0, ISR [1], adding replicas [] and removing replicas [] . Previous leader Some(-1) and previous leader epoch was 7. (state.change.logger)
[2025-04-15 18:45:54,832] INFO [Broker id=1] Leader __consumer_offsets-28 with topic id Some(0E0i0vggRqqKJ83Djes_4w) starts at leader epoch 8 from offset 0 with partition epoch 8, high watermark 0, ISR [1], adding replicas [] and removing replicas [] . Previous leader Some(-1) and previous leader epoch was 7. (state.change.logger)
[2025-04-15 18:45:54,835] INFO [Broker id=1] Leader __consumer_offsets-7 with topic id Some(0E0i0vggRqqKJ83Djes_4w) starts at leader epoch 8 from offset 0 with partition epoch 8, high watermark 0, ISR [1], adding replicas [] and removing replicas [] . Previous leader Some(-1) and previous leader epoch was 7. (state.change.logger)
[2025-04-15 18:45:54,837] INFO [Broker id=1] Leader __consumer_offsets-40 with topic id Some(0E0i0vggRqqKJ83Djes_4w) starts at leader epoch 8 from offset 0 with partition epoch 8, high watermark 0, ISR [1], adding replicas [] and removing replicas [] . Previous leader Some(-1) and previous leader epoch was 7. (state.change.logger)
[2025-04-15 18:45:54,839] INFO [Broker id=1] Leader __consumer_offsets-3 with topic id Some(0E0i0vggRqqKJ83Djes_4w) starts at leader epoch 8 from offset 0 with partition epoch 8, high watermark 0, ISR [1], adding replicas [] and removing replicas [] . Previous leader Some(-1) and previous leader epoch was 7. (state.change.logger)
[2025-04-15 18:45:54,842] INFO [Broker id=1] Leader __consumer_offsets-36 with topic id Some(0E0i0vggRqqKJ83Djes_4w) starts at leader epoch 8 from offset 0 with partition epoch 8, high watermark 0, ISR [1], adding replicas [] and removing replicas [] . Previous leader Some(-1) and previous leader epoch was 7. (state.change.logger)
[2025-04-15 18:45:54,844] INFO [Broker id=1] Leader events-0 with topic id Some(7u5ICkcQT3y8Gwrto0k1yA) starts at leader epoch 8 from offset 0 with partition epoch 8, high watermark 0, ISR [1], adding replicas [] and removing replicas [] . Previous leader Some(-1) and previous leader epoch was 7. (state.change.logger)
[2025-04-15 18:45:54,846] INFO [Broker id=1] Leader __consumer_offsets-47 with topic id Some(0E0i0vggRqqKJ83Djes_4w) starts at leader epoch 8 from offset 0 with partition epoch 8, high watermark 0, ISR [1], adding replicas [] and removing replicas [] . Previous leader Some(-1) and previous leader epoch was 7. (state.change.logger)
[2025-04-15 18:45:54,848] INFO [Broker id=1] Leader __consumer_offsets-14 with topic id Some(0E0i0vggRqqKJ83Djes_4w) starts at leader epoch 8 from offset 3 with partition epoch 8, high watermark 3, ISR [1], adding replicas [] and removing replicas [] . Previous leader Some(-1) and previous leader epoch was 7. (state.change.logger)
[2025-04-15 18:45:54,851] INFO [Broker id=1] Leader __consumer_offsets-43 with topic id Some(0E0i0vggRqqKJ83Djes_4w) starts at leader epoch 8 from offset 0 with partition epoch 8, high watermark 0, ISR [1], adding replicas [] and removing replicas [] . Previous leader Some(-1) and previous leader epoch was 7. (state.change.logger)
[2025-04-15 18:45:54,853] INFO [Broker id=1] Leader __consumer_offsets-10 with topic id Some(0E0i0vggRqqKJ83Djes_4w) starts at leader epoch 8 from offset 0 with partition epoch 8, high watermark 0, ISR [1], adding replicas [] and removing replicas [] . Previous leader Some(-1) and previous leader epoch was 7. (state.change.logger)
[2025-04-15 18:45:54,856] INFO [Broker id=1] Leader __consumer_offsets-22 with topic id Some(0E0i0vggRqqKJ83Djes_4w) starts at leader epoch 8 from offset 0 with partition epoch 8, high watermark 0, ISR [1], adding replicas [] and removing replicas [] . Previous leader Some(-1) and previous leader epoch was 7. (state.change.logger)
[2025-04-15 18:45:54,857] INFO [Broker id=1] Leader __consumer_offsets-18 with topic id Some(0E0i0vggRqqKJ83Djes_4w) starts at leader epoch 8 from offset 0 with partition epoch 8, high watermark 0, ISR [1], adding replicas [] and removing replicas [] . Previous leader Some(-1) and previous leader epoch was 7. (state.change.logger)
[2025-04-15 18:45:54,860] INFO [Broker id=1] Leader __consumer_offsets-31 with topic id Some(0E0i0vggRqqKJ83Djes_4w) starts at leader epoch 8 from offset 0 with partition epoch 8, high watermark 0, ISR [1], adding replicas [] and removing replicas [] . Previous leader Some(-1) and previous leader epoch was 7. (state.change.logger)
[2025-04-15 18:45:54,862] INFO [Broker id=1] Leader __consumer_offsets-27 with topic id Some(0E0i0vggRqqKJ83Djes_4w) starts at leader epoch 8 from offset 2 with partition epoch 8, high watermark 2, ISR [1], adding replicas [] and removing replicas [] . Previous leader Some(-1) and previous leader epoch was 7. (state.change.logger)
[2025-04-15 18:45:54,864] INFO [Broker id=1] Leader __consumer_offsets-39 with topic id Some(0E0i0vggRqqKJ83Djes_4w) starts at leader epoch 8 from offset 0 with partition epoch 8, high watermark 0, ISR [1], adding replicas [] and removing replicas [] . Previous leader Some(-1) and previous leader epoch was 7. (state.change.logger)
[2025-04-15 18:45:54,866] INFO [Broker id=1] Leader __consumer_offsets-6 with topic id Some(0E0i0vggRqqKJ83Djes_4w) starts at leader epoch 8 from offset 0 with partition epoch 8, high watermark 0, ISR [1], adding replicas [] and removing replicas [] . Previous leader Some(-1) and previous leader epoch was 7. (state.change.logger)
[2025-04-15 18:45:54,869] INFO [Broker id=1] Leader __consumer_offsets-35 with topic id Some(0E0i0vggRqqKJ83Djes_4w) starts at leader epoch 8 from offset 0 with partition epoch 8, high watermark 0, ISR [1], adding replicas [] and removing replicas [] . Previous leader Some(-1) and previous leader epoch was 7. (state.change.logger)
[2025-04-15 18:45:54,872] INFO [Broker id=1] Leader __consumer_offsets-2 with topic id Some(0E0i0vggRqqKJ83Djes_4w) starts at leader epoch 8 from offset 3 with partition epoch 8, high watermark 3, ISR [1], adding replicas [] and removing replicas [] . Previous leader Some(-1) and previous leader epoch was 7. (state.change.logger)
